Project Information                              d:\_project max pluss\alu.rpt

MAX+plus II Compiler Report File
Version 10.2 07/10/2002
Compiled: 01/23/2023 23:35:25

Copyright (C) 1988-2002 Altera Corporation
Any megafunction design, and related net list (encrypted or decrypted),
support information, device programming or simulation file, and any other
associated documentation or information provided by Altera or a partner
under Altera's Megafunction Partnership Program may be used only to
program PLD devices (but not masked PLD devices) from Altera.  Any other
use of such megafunction design, net list, support information, device
programming or simulation file, or any other related documentation or
information is prohibited for any other purpose, including, but not
limited to modification, reverse engineering, de-compiling, or use with
any other silicon devices, unless such use is explicitly licensed under
a separate agreement with Altera or a megafunction partner.  Title to
the intellectual property, including patents, copyrights, trademarks,
trade secrets, or maskworks, embodied in any such megafunction design,
net list, support information, device programming or simulation file, or
any other related documentation or information provided by Altera or a
megafunction partner, remains with Altera, the megafunction partner, or
their respective licensors.  No other licenses, including any licenses
needed under any third party's intellectual property, are provided herein.



***** Project compilation was successful




** DEVICE SUMMARY **

Chip/                     Input Output Bidir  Memory  Memory  			 LCs
POF       Device          Pins  Pins   Pins   Bits % Utilized  LCs  % Utilized

alu       EP1K10TC100-1    37     17     0    0         0  %    110      19 %

User Pins:                 37     17     0  



Project Information                              d:\_project max pluss\alu.rpt

** FILE HIERARCHY **



|alulayer:80|
|alulayer:80|logiclayer:2|
|alulayer:80|logiclayer:2|mux4x1:2|
|alulayer:80|mux4x1:3|
|alulayer:80|arithmeticlayer:8|
|alulayer:80|arithmeticlayer:8|fulladder:12|
|alulayer:80|arithmeticlayer:8|mux4x1:6|
|alulayer:80|arithmeticlayer:8|zero:3|
|alulayer:80|arithmeticlayer:8|zero:3|lpm_constant:lpm_constant_component|
|alulayer:1|
|alulayer:1|logiclayer:2|
|alulayer:1|logiclayer:2|mux4x1:2|
|alulayer:1|mux4x1:3|
|alulayer:1|arithmeticlayer:8|
|alulayer:1|arithmeticlayer:8|fulladder:12|
|alulayer:1|arithmeticlayer:8|mux4x1:6|
|alulayer:1|arithmeticlayer:8|zero:3|
|alulayer:1|arithmeticlayer:8|zero:3|lpm_constant:lpm_constant_component|
|alulayer:100|
|alulayer:100|logiclayer:2|
|alulayer:100|logiclayer:2|mux4x1:2|
|alulayer:100|mux4x1:3|
|alulayer:100|arithmeticlayer:8|
|alulayer:100|arithmeticlayer:8|fulladder:12|
|alulayer:100|arithmeticlayer:8|mux4x1:6|
|alulayer:100|arithmeticlayer:8|zero:3|
|alulayer:100|arithmeticlayer:8|zero:3|lpm_constant:lpm_constant_component|
|alulayer:84|
|alulayer:84|logiclayer:2|
|alulayer:84|logiclayer:2|mux4x1:2|
|alulayer:84|mux4x1:3|
|alulayer:84|arithmeticlayer:8|
|alulayer:84|arithmeticlayer:8|fulladder:12|
|alulayer:84|arithmeticlayer:8|mux4x1:6|
|alulayer:84|arithmeticlayer:8|zero:3|
|alulayer:84|arithmeticlayer:8|zero:3|lpm_constant:lpm_constant_component|
|alulayer:88|
|alulayer:88|logiclayer:2|
|alulayer:88|logiclayer:2|mux4x1:2|
|alulayer:88|mux4x1:3|
|alulayer:88|arithmeticlayer:8|
|alulayer:88|arithmeticlayer:8|fulladder:12|
|alulayer:88|arithmeticlayer:8|mux4x1:6|
|alulayer:88|arithmeticlayer:8|zero:3|
|alulayer:88|arithmeticlayer:8|zero:3|lpm_constant:lpm_constant_component|
|alulayer:92|
|alulayer:92|logiclayer:2|
|alulayer:92|logiclayer:2|mux4x1:2|
|alulayer:92|mux4x1:3|
|alulayer:92|arithmeticlayer:8|
|alulayer:92|arithmeticlayer:8|fulladder:12|
|alulayer:92|arithmeticlayer:8|mux4x1:6|
|alulayer:92|arithmeticlayer:8|zero:3|
|alulayer:92|arithmeticlayer:8|zero:3|lpm_constant:lpm_constant_component|
|alulayer:96|
|alulayer:96|logiclayer:2|
|alulayer:96|logiclayer:2|mux4x1:2|
|alulayer:96|mux4x1:3|
|alulayer:96|arithmeticlayer:8|
|alulayer:96|arithmeticlayer:8|fulladder:12|
|alulayer:96|arithmeticlayer:8|mux4x1:6|
|alulayer:96|arithmeticlayer:8|zero:3|
|alulayer:96|arithmeticlayer:8|zero:3|lpm_constant:lpm_constant_component|
|alulayer:104|
|alulayer:104|logiclayer:2|
|alulayer:104|logiclayer:2|mux4x1:2|
|alulayer:104|mux4x1:3|
|alulayer:104|arithmeticlayer:8|
|alulayer:104|arithmeticlayer:8|fulladder:12|
|alulayer:104|arithmeticlayer:8|mux4x1:6|
|alulayer:104|arithmeticlayer:8|zero:3|
|alulayer:104|arithmeticlayer:8|zero:3|lpm_constant:lpm_constant_component|
|alulayer:108|
|alulayer:108|logiclayer:2|
|alulayer:108|logiclayer:2|mux4x1:2|
|alulayer:108|mux4x1:3|
|alulayer:108|arithmeticlayer:8|
|alulayer:108|arithmeticlayer:8|fulladder:12|
|alulayer:108|arithmeticlayer:8|mux4x1:6|
|alulayer:108|arithmeticlayer:8|zero:3|
|alulayer:108|arithmeticlayer:8|zero:3|lpm_constant:lpm_constant_component|
|alulayer:64|
|alulayer:64|logiclayer:2|
|alulayer:64|logiclayer:2|mux4x1:2|
|alulayer:64|mux4x1:3|
|alulayer:64|arithmeticlayer:8|
|alulayer:64|arithmeticlayer:8|fulladder:12|
|alulayer:64|arithmeticlayer:8|mux4x1:6|
|alulayer:64|arithmeticlayer:8|zero:3|
|alulayer:64|arithmeticlayer:8|zero:3|lpm_constant:lpm_constant_component|
|alulayer:69|
|alulayer:69|logiclayer:2|
|alulayer:69|logiclayer:2|mux4x1:2|
|alulayer:69|mux4x1:3|
|alulayer:69|arithmeticlayer:8|
|alulayer:69|arithmeticlayer:8|fulladder:12|
|alulayer:69|arithmeticlayer:8|mux4x1:6|
|alulayer:69|arithmeticlayer:8|zero:3|
|alulayer:69|arithmeticlayer:8|zero:3|lpm_constant:lpm_constant_component|
|alulayer:73|
|alulayer:73|logiclayer:2|
|alulayer:73|logiclayer:2|mux4x1:2|
|alulayer:73|mux4x1:3|
|alulayer:73|arithmeticlayer:8|
|alulayer:73|arithmeticlayer:8|fulladder:12|
|alulayer:73|arithmeticlayer:8|mux4x1:6|
|alulayer:73|arithmeticlayer:8|zero:3|
|alulayer:73|arithmeticlayer:8|zero:3|lpm_constant:lpm_constant_component|
|alulayer:77|
|alulayer:77|logiclayer:2|
|alulayer:77|logiclayer:2|mux4x1:2|
|alulayer:77|mux4x1:3|
|alulayer:77|arithmeticlayer:8|
|alulayer:77|arithmeticlayer:8|fulladder:12|
|alulayer:77|arithmeticlayer:8|mux4x1:6|
|alulayer:77|arithmeticlayer:8|zero:3|
|alulayer:77|arithmeticlayer:8|zero:3|lpm_constant:lpm_constant_component|
|alulayer:23|
|alulayer:23|logiclayer:2|
|alulayer:23|logiclayer:2|mux4x1:2|
|alulayer:23|mux4x1:3|
|alulayer:23|arithmeticlayer:8|
|alulayer:23|arithmeticlayer:8|fulladder:12|
|alulayer:23|arithmeticlayer:8|mux4x1:6|
|alulayer:23|arithmeticlayer:8|zero:3|
|alulayer:23|arithmeticlayer:8|zero:3|lpm_constant:lpm_constant_component|
|alulayer:20|
|alulayer:20|logiclayer:2|
|alulayer:20|logiclayer:2|mux4x1:2|
|alulayer:20|mux4x1:3|
|alulayer:20|arithmeticlayer:8|
|alulayer:20|arithmeticlayer:8|fulladder:12|
|alulayer:20|arithmeticlayer:8|mux4x1:6|
|alulayer:20|arithmeticlayer:8|zero:3|
|alulayer:20|arithmeticlayer:8|zero:3|lpm_constant:lpm_constant_component|
|alulayer:15|
|alulayer:15|logiclayer:2|
|alulayer:15|logiclayer:2|mux4x1:2|
|alulayer:15|mux4x1:3|
|alulayer:15|arithmeticlayer:8|
|alulayer:15|arithmeticlayer:8|fulladder:12|
|alulayer:15|arithmeticlayer:8|mux4x1:6|
|alulayer:15|arithmeticlayer:8|zero:3|
|alulayer:15|arithmeticlayer:8|zero:3|lpm_constant:lpm_constant_component|
|zero:113|
|zero:113|lpm_constant:lpm_constant_component|
|zero:114|
|zero:114|lpm_constant:lpm_constant_component|


Device-Specific Information:                     d:\_project max pluss\alu.rpt
alu

***** Logic for device 'alu' compiled without errors.




Device: EP1K10TC100-1

ACEX 1K Configuration Scheme: Passive Serial

Device Options:
    User-Supplied Start-Up Clock               = OFF
    Auto-Restart Configuration on Frame Error  = OFF
    Release Clears Before Tri-States           = OFF
    Enable Chip_Wide Reset                     = OFF
    Enable Chip-Wide Output Enable             = OFF
    Enable INIT_DONE Output                    = OFF
    JTAG User Code                             = 7f
    MultiVolt I/O                              = OFF
    Enable Lock Output                         = OFF



Device-Specific Information:                     d:\_project max pluss\alu.rpt
alu

** ERROR SUMMARY **

Info: Chip 'alu' in device 'EP1K10TC100-1' has less than 20% of pins available for future logic changes -- if your project is likely to change, Altera recommends using a larger device
                                                                   
                                                                   
                              R               R                    
                              E               E                    
                              S V             S                 ^  
                              E C             E   V             D  
                #             R C             R   C             A  
                T         G   V I       G F   V   C b a a b b a T  
                C b b a b N F E N s a s N 1 a E F I 1 1 1 1 1 1 A  
                K 3 9 5 6 D 3 D T 2 3 3 D 5 7 D 8 O 1 4 0 5 2 2 0  
              ----------------------------------------------------_ 
             / 100  98  96  94  92  90  88  86  84  82  80  78  76   |_ 
            /     99  97  95  93  91  89  87  85  83  81  79  77    | 
^CONF_DONE |  1                                                    75 | ^DCLK 
     ^nCEO |  2                                                    74 | ^nCE 
      #TDO |  3                                                    73 | #TDI 
     VCCIO |  4                                                    72 | VCCINT 
        F2 |  5                                                    71 | b2 
        F6 |  6                                                    70 | a2 
        F0 |  7                                                    69 | a0 
        b1 |  8                                                    68 | a6 
        b7 |  9                                                    67 | VCCIO 
        F1 | 10                                                    66 | GND 
       GND | 11                                                    65 | F10 
    VCCINT | 12                                                    64 | F9 
       b13 | 13                   EP1K10TC100-1                    63 | a13 
        b8 | 14                                                    62 | F13 
        a9 | 15                                                    61 | F14 
       b14 | 16                                                    60 | VCCINT 
     VCCIO | 17                                                    59 | GND 
       GND | 18                                                    58 | F11 
  RESERVED | 19                                                    57 | RESERVED 
  RESERVED | 20                                                    56 | RESERVED 
  RESERVED | 21                                                    55 | F7 
  RESERVED | 22                                                    54 | ^MSEL0 
  RESERVED | 23                                                    53 | ^MSEL1 
      #TMS | 24                                                    52 | VCCINT 
  ^nSTATUS | 25                                                    51 | ^nCONFIG 
           |      27  29  31  33  35  37  39  41  43  45  47  49  _| 
            \   26  28  30  32  34  36  38  40  42  44  46  48  50   | 
             \----------------------------------------------------- 
                R b F b b F a c R V G V s a s G G b V E a R a F a  
                E 5 4 4 0 5 4 i E C N C 1 1 0 N N 1 C   1 E 8 1 1  
                S             n S C D C       D D 0 C   1 S   2 5  
                E               E I   _       _     I     E        
                R               R N   C       C     O     R        
                V               V T   K       K           V        
                E               E     L       L           E        
                D               D     K       K           D        
                                                                   
                                                                   


N.C. = No Connect. This pin has no internal connection to the device.
VCCINT = Dedicated power pin, which MUST be connected to VCC (2.5 volts).
VCCIO = Dedicated power pin, which MUST be connected to VCC (2.5 volts).
GND = Dedicated ground pin or unused dedicated input, which MUST be connected to GND.
RESERVED = Unused I/O pin, which MUST be left unconnected.

^ = Dedicated configuration pin.
+ = Reserved configuration pin, which is tri-stated during user mode.
* = Reserved configuration pin, which drives out in user mode.
PDn = Power Down pin. 
@ = Special-purpose pin. 
# = JTAG Boundary-Scan Testing/In-System Programming or Configuration Pin. The JTAG inputs TMS and TDI should be tied to VCC and TCK should be tied to GND when not in use.
& = JTAG pin used for I/O. When used as user I/O, JTAG pins must be kept stable before and during configuration.  JTAG pin stability prevents accidental loading of JTAG instructions.
$ = Pin has PCI I/O option enabled. Pin is neither '5.0 V'- nor '3.3 V'-tolerant. 


Device-Specific Information:                     d:\_project max pluss\alu.rpt
alu

** RESOURCE USAGE **

Logic                Column       Row                                   
Array                Interconnect Interconnect         Clears/     External  
Block   Logic Cells  Driven       Driven       Clocks  Presets   Interconnect
A12      8/ 8(100%)   2/ 8( 25%)   0/ 8(  0%)    0/2    0/2      10/22( 45%)   
A13      8/ 8(100%)   0/ 8(  0%)   4/ 8( 50%)    0/2    0/2      10/22( 45%)   
A15      8/ 8(100%)   0/ 8(  0%)   4/ 8( 50%)    0/2    0/2      10/22( 45%)   
A16      8/ 8(100%)   1/ 8( 12%)   5/ 8( 62%)    0/2    0/2      12/22( 54%)   
A18      8/ 8(100%)   1/ 8( 12%)   2/ 8( 25%)    0/2    0/2      12/22( 54%)   
A19      8/ 8(100%)   2/ 8( 25%)   0/ 8(  0%)    0/2    0/2      13/22( 59%)   
A24      8/ 8(100%)   0/ 8(  0%)   3/ 8( 37%)    0/2    0/2      10/22( 45%)   
B1       7/ 8( 87%)   0/ 8(  0%)   3/ 8( 37%)    0/2    0/2      11/22( 50%)   
B5       8/ 8(100%)   1/ 8( 12%)   2/ 8( 25%)    0/2    0/2      10/22( 45%)   
B6       8/ 8(100%)   1/ 8( 12%)   1/ 8( 12%)    0/2    0/2      13/22( 59%)   
B7       8/ 8(100%)   0/ 8(  0%)   3/ 8( 37%)    0/2    0/2      11/22( 50%)   
B8       8/ 8(100%)   1/ 8( 12%)   2/ 8( 25%)    0/2    0/2      10/22( 45%)   
B9       7/ 8( 87%)   0/ 8(  0%)   6/ 8( 75%)    0/2    0/2       8/22( 36%)   
B12      8/ 8(100%)   2/ 8( 25%)   1/ 8( 12%)    0/2    0/2       9/22( 40%)   


Embedded             Column       Row                                   
Array     Embedded   Interconnect Interconnect         Read/      External  
Block     Cells      Driven       Driven       Clocks  Write    Interconnect


Total dedicated input pins used:                 6/6      (100%)
Total I/O pins used:                            48/60     ( 80%)
Total logic cells used:                        110/576    ( 19%)
Total embedded cells used:                       0/48     (  0%)
Total EABs used:                                 0/3      (  0%)
Average fan-in:                                 3.17/4    ( 79%)
Total fan-in:                                 349/2304    ( 15%)

Total input pins required:                      37
Total input I/O cell registers required:         0
Total output pins required:                     17
Total output I/O cell registers required:        0
Total buried I/O cell registers required:        0
Total bidirectional pins required:               0
Total reserved pins required                     0
Total logic cells required:                    110
Total flipflops required:                        0
Total packed registers required:                 0
Total logic cells in carry chains:               0
Total number of carry chains:                    0
Total logic cells in cascade chains:             0
Total number of cascade chains:                  0
Total single-pin Clock Enables required:         0
Total single-pin Output Enables required:        0

Synthesized logic cells:                        31/ 576   (  5%)

Logic Cell and Embedded Cell Counts

Column:  01  02  03  04  05  06  07  08  09  10  11  12  EA  13  14  15  16  17  18  19  20  21  22  23  24  Total(LC/EC)
 A:      0   0   0   0   0   0   0   0   0   0   0   8   0   8   0   8   8   0   8   8   0   0   0   0   8     56/0  
 B:      7   0   0   0   8   8   8   8   7   0   0   8   0   0   0   0   0   0   0   0   0   0   0   0   0     54/0  
 C:      0   0   0   0   0   0   0   0   0   0   0   0   0   0   0   0   0   0   0   0   0   0   0   0   0      0/0  

Total:   7   0   0   0   8   8   8   8   7   0   0  16   0   8   0   8   8   0   8   8   0   0   0   0   8    110/0  



Device-Specific Information:                     d:\_project max pluss\alu.rpt
alu

** INPUTS **

                                                    Fan-In    Fan-Out
 Pin     LC     EC   Row  Col  Primitive    Code      INP  FBK  OUT  FBK  Name
  69      -     -    A    --      INPUT             ^    0    0    0    4  a0
  39      -     -    -    --      INPUT             ^    0    0    0    5  a1
  70      -     -    A    --      INPUT             ^    0    0    0    5  a2
  90      -     -    -    --      INPUT             ^    0    0    0    5  a3
  32      -     -    -    16      INPUT             ^    0    0    0    5  a4
  97      -     -    -    23      INPUT             ^    0    0    0    5  a5
  68      -     -    A    --      INPUT             ^    0    0    0    5  a6
  86      -     -    -    09      INPUT             ^    0    0    0    5  a7
  48      -     -    -    07      INPUT             ^    0    0    0    5  a8
  15      -     -    B    --      INPUT             ^    0    0    0    5  a9
  80      -     -    -    03      INPUT             ^    0    0    0    5  a10
  46      -     -    -    10      INPUT             ^    0    0    0    5  a11
  77      -     -    -    01      INPUT             ^    0    0    0    5  a12
  63      -     -    B    --      INPUT             ^    0    0    0    5  a13
  81      -     -    -    03      INPUT             ^    0    0    0    5  a14
  50      -     -    -    02      INPUT             ^    0    0    0    4  a15
  30      -     -    -    18      INPUT             ^    0    0    0    2  b0
   8      -     -    A    --      INPUT             ^    0    0    0    2  b1
  71      -     -    A    --      INPUT             ^    0    0    0    2  b2
  99      -     -    -    24      INPUT             ^    0    0    0    2  b3
  29      -     -    -    19      INPUT             ^    0    0    0    2  b4
  27      -     -    -    21      INPUT             ^    0    0    0    2  b5
  96      -     -    -    22      INPUT             ^    0    0    0    2  b6
   9      -     -    A    --      INPUT             ^    0    0    0    2  b7
  14      -     -    B    --      INPUT             ^    0    0    0    2  b8
  98      -     -    -    24      INPUT             ^    0    0    0    2  b9
  43      -     -    -    12      INPUT             ^    0    0    0    2  b10
  82      -     -    -    04      INPUT             ^    0    0    0    2  b11
  78      -     -    -    01      INPUT             ^    0    0    0    2  b12
  13      -     -    B    --      INPUT             ^    0    0    0    2  b13
  16      -     -    B    --      INPUT             ^    0    0    0    2  b14
  79      -     -    -    02      INPUT             ^    0    0    0    2  b15
  33      -     -    -    15      INPUT             ^    0    0    0    2  cin
  40      -     -    -    --      INPUT             ^    0    0    0   32  s0
  38      -     -    -    --      INPUT             ^    0    0    0   32  s1
  91      -     -    -    --      INPUT             ^    0    0    0   17  s2
  89      -     -    -    --      INPUT             ^    0    0    0   31  s3


Code:

s = Synthesized pin or logic cell
+ = Synchronous flipflop
/ = Slow slew-rate output
! = NOT gate push-back
r = Fitter-inserted logic cell
^ = Increased input delay
* = PCI I/O is enabled
@ = Uses single-pin Clock Enable
& = Uses single-pin Output Enable


Device-Specific Information:                     d:\_project max pluss\alu.rpt
alu

** OUTPUTS **

       Fed By Fed By                                Fan-In    Fan-Out
 Pin     LC     EC   Row  Col  Primitive    Code      INP  FBK  OUT  FBK  Name
  45      -     -    -    11     OUTPUT                 0    1    0    0  E
   7      -     -    A    --     OUTPUT                 0    1    0    0  F0
  10      -     -    A    --     OUTPUT                 0    1    0    0  F1
   5      -     -    A    --     OUTPUT                 0    1    0    0  F2
  94      -     -    -    19     OUTPUT                 0    1    0    0  F3
  28      -     -    -    20     OUTPUT                 0    1    0    0  F4
  31      -     -    -    17     OUTPUT                 0    1    0    0  F5
   6      -     -    A    --     OUTPUT                 0    1    0    0  F6
  55      -     -    C    --     OUTPUT                 0    1    0    0  F7
  84      -     -    -    05     OUTPUT                 0    1    0    0  F8
  64      -     -    B    --     OUTPUT                 0    1    0    0  F9
  65      -     -    B    --     OUTPUT                 0    1    0    0  F10
  58      -     -    C    --     OUTPUT                 0    1    0    0  F11
  49      -     -    -    06     OUTPUT                 0    1    0    0  F12
  62      -     -    B    --     OUTPUT                 0    1    0    0  F13
  61      -     -    B    --     OUTPUT                 0    1    0    0  F14
  87      -     -    -    12     OUTPUT                 0    1    0    0  F15


Code:

s = Synthesized pin or logic cell
+ = Synchronous flipflop
/ = Slow slew-rate output
! = NOT gate push-back
r = Fitter-inserted logic cell
^ = Increased input delay
* = PCI I/O is enabled
@ = Uses single-pin Clock Enable
& = Uses single-pin Output Enable


Device-Specific Information:                     d:\_project max pluss\alu.rpt
alu

** BURIED LOGIC **

                                                    Fan-In    Fan-Out
 IOC     LC     EC   Row  Col  Primitive    Code      INP  FBK  OUT  FBK  Name
   -      6     -    A    13        OR2                2    1    0    1  |alulayer:1|arithmeticlayer:8|fulladder:12|S (|alulayer:1|arithmeticlayer:8|fulladder:12|:7)
   -      5     -    A    13        OR2                2    1    0    2  |alulayer:1|arithmeticlayer:8|fulladder:12|cout (|alulayer:1|arithmeticlayer:8|fulladder:12|:10)
   -      1     -    A    16        OR2                3    0    0    2  |alulayer:1|arithmeticlayer:8|mux4x1:6|Q (|alulayer:1|arithmeticlayer:8|mux4x1:6|:42)
   -      7     -    A    16        OR2                4    0    0    1  |alulayer:1|logiclayer:2|mux4x1:2|Q (|alulayer:1|logiclayer:2|mux4x1:2|:42)
   -      8     -    A    16        OR2    s           2    1    0    1  |alulayer:1|mux4x1:3|Q~1 (|alulayer:1|mux4x1:3|~42~1)
   -      2     -    A    16        OR2                2    2    1    0  |alulayer:1|mux4x1:3|Q (|alulayer:1|mux4x1:3|:42)
   -      4     -    A    13        OR2                1    1    0    1  |alulayer:15|arithmeticlayer:8|fulladder:12|:6
   -      1     -    A    13        OR2                1    2    0    2  |alulayer:15|arithmeticlayer:8|fulladder:12|cout (|alulayer:15|arithmeticlayer:8|fulladder:12|:10)
   -      3     -    A    13        OR2                3    0    0    2  |alulayer:15|arithmeticlayer:8|mux4x1:6|Q (|alulayer:15|arithmeticlayer:8|mux4x1:6|:42)
   -      2     -    A    13        OR2                4    0    0    1  |alulayer:15|logiclayer:2|mux4x1:2|Q (|alulayer:15|logiclayer:2|mux4x1:2|:42)
   -      7     -    A    13        OR2    s           2    2    0    1  |alulayer:15|mux4x1:3|Q~1 (|alulayer:15|mux4x1:3|~42~1)
   -      2     -    A    24        OR2    s           2    1    0    1  |alulayer:15|mux4x1:3|Q~2 (|alulayer:15|mux4x1:3|~42~2)
   -      8     -    A    13        OR2                1    2    1    0  |alulayer:15|mux4x1:3|Q (|alulayer:15|mux4x1:3|:42)
   -      4     -    A    24        OR2                1    1    0    1  |alulayer:20|arithmeticlayer:8|fulladder:12|:6
   -      8     -    A    24        OR2                1    2    0    2  |alulayer:20|arithmeticlayer:8|fulladder:12|cout (|alulayer:20|arithmeticlayer:8|fulladder:12|:10)
   -      3     -    A    24        OR2                3    0    0    2  |alulayer:20|arithmeticlayer:8|mux4x1:6|Q (|alulayer:20|arithmeticlayer:8|mux4x1:6|:42)
   -      6     -    A    24        OR2                4    0    0    1  |alulayer:20|logiclayer:2|mux4x1:2|Q (|alulayer:20|logiclayer:2|mux4x1:2|:42)
   -      5     -    A    24        OR2    s           2    2    0    1  |alulayer:20|mux4x1:3|Q~1 (|alulayer:20|mux4x1:3|~42~1)
   -      7     -    A    24        OR2    s           2    1    0    1  |alulayer:20|mux4x1:3|Q~2 (|alulayer:20|mux4x1:3|~42~2)
   -      1     -    A    24        OR2                1    2    1    0  |alulayer:20|mux4x1:3|Q (|alulayer:20|mux4x1:3|:42)
   -      2     -    A    19        OR2                1    1    0    1  |alulayer:23|arithmeticlayer:8|fulladder:12|:6
   -      6     -    A    18        OR2                1    2    0    2  |alulayer:23|arithmeticlayer:8|fulladder:12|cout (|alulayer:23|arithmeticlayer:8|fulladder:12|:10)
   -      3     -    A    16        OR2                3    0    0    2  |alulayer:23|arithmeticlayer:8|mux4x1:6|Q (|alulayer:23|arithmeticlayer:8|mux4x1:6|:42)
   -      5     -    A    19        OR2                4    0    0    1  |alulayer:23|logiclayer:2|mux4x1:2|Q (|alulayer:23|logiclayer:2|mux4x1:2|:42)
   -      3     -    A    19        OR2    s           2    2    0    1  |alulayer:23|mux4x1:3|Q~1 (|alulayer:23|mux4x1:3|~42~1)
   -      6     -    A    19        OR2    s           2    1    0    1  |alulayer:23|mux4x1:3|Q~2 (|alulayer:23|mux4x1:3|~42~2)
   -      4     -    A    19        OR2                1    2    1    0  |alulayer:23|mux4x1:3|Q (|alulayer:23|mux4x1:3|:42)
   -      3     -    A    12        OR2                1    1    0    1  |alulayer:64|arithmeticlayer:8|fulladder:12|:6
   -      1     -    A    12        OR2                1    2    0    2  |alulayer:64|arithmeticlayer:8|fulladder:12|cout (|alulayer:64|arithmeticlayer:8|fulladder:12|:10)
   -      2     -    A    12        OR2                3    0    0    2  |alulayer:64|arithmeticlayer:8|mux4x1:6|Q (|alulayer:64|arithmeticlayer:8|mux4x1:6|:42)
   -      6     -    A    12        OR2                4    0    0    1  |alulayer:64|logiclayer:2|mux4x1:2|Q (|alulayer:64|logiclayer:2|mux4x1:2|:42)
   -      5     -    A    12        OR2    s           2    2    0    1  |alulayer:64|mux4x1:3|Q~1 (|alulayer:64|mux4x1:3|~42~1)
   -      8     -    A    12        OR2    s           2    1    0    1  |alulayer:64|mux4x1:3|Q~2 (|alulayer:64|mux4x1:3|~42~2)
   -      7     -    A    12        OR2                1    2    1    0  |alulayer:64|mux4x1:3|Q (|alulayer:64|mux4x1:3|:42)
   -      1     -    A    15        OR2                1    1    0    1  |alulayer:69|arithmeticlayer:8|fulladder:12|:6
   -      4     -    A    12        OR2                1    2    0    2  |alulayer:69|arithmeticlayer:8|fulladder:12|cout (|alulayer:69|arithmeticlayer:8|fulladder:12|:10)
   -      8     -    A    15        OR2                3    0    0    2  |alulayer:69|arithmeticlayer:8|mux4x1:6|Q (|alulayer:69|arithmeticlayer:8|mux4x1:6|:42)
   -      6     -    A    15        OR2                4    0    0    1  |alulayer:69|logiclayer:2|mux4x1:2|Q (|alulayer:69|logiclayer:2|mux4x1:2|:42)
   -      3     -    A    15        OR2    s           2    2    0    1  |alulayer:69|mux4x1:3|Q~1 (|alulayer:69|mux4x1:3|~42~1)
   -      7     -    A    15        OR2    s           2    1    0    1  |alulayer:69|mux4x1:3|Q~2 (|alulayer:69|mux4x1:3|~42~2)
   -      2     -    A    15        OR2                1    2    1    0  |alulayer:69|mux4x1:3|Q (|alulayer:69|mux4x1:3|:42)
   -      4     -    A    15        OR2                1    1    0    1  |alulayer:73|arithmeticlayer:8|fulladder:12|:6
   -      5     -    A    15        OR2                1    2    0    2  |alulayer:73|arithmeticlayer:8|fulladder:12|cout (|alulayer:73|arithmeticlayer:8|fulladder:12|:10)
   -      4     -    A    16        OR2                3    0    0    2  |alulayer:73|arithmeticlayer:8|mux4x1:6|Q (|alulayer:73|arithmeticlayer:8|mux4x1:6|:42)
   -      5     -    A    16        OR2                4    0    0    1  |alulayer:73|logiclayer:2|mux4x1:2|Q (|alulayer:73|logiclayer:2|mux4x1:2|:42)
   -      7     -    A    18        OR2    s           2    2    0    1  |alulayer:73|mux4x1:3|Q~1 (|alulayer:73|mux4x1:3|~42~1)
   -      8     -    A    18        OR2    s           2    1    0    1  |alulayer:73|mux4x1:3|Q~2 (|alulayer:73|mux4x1:3|~42~2)
   -      4     -    A    18        OR2                1    2    1    0  |alulayer:73|mux4x1:3|Q (|alulayer:73|mux4x1:3|:42)
   -      5     -    A    18        OR2                1    1    0    1  |alulayer:77|arithmeticlayer:8|fulladder:12|:6
   -      2     -    A    18        OR2                1    2    0    2  |alulayer:77|arithmeticlayer:8|fulladder:12|cout (|alulayer:77|arithmeticlayer:8|fulladder:12|:10)
   -      3     -    A    18        OR2                3    0    0    2  |alulayer:77|arithmeticlayer:8|mux4x1:6|Q (|alulayer:77|arithmeticlayer:8|mux4x1:6|:42)
   -      7     -    A    19        OR2                4    0    0    1  |alulayer:77|logiclayer:2|mux4x1:2|Q (|alulayer:77|logiclayer:2|mux4x1:2|:42)
   -      1     -    A    18        OR2    s           2    2    0    1  |alulayer:77|mux4x1:3|Q~1 (|alulayer:77|mux4x1:3|~42~1)
   -      8     -    A    19        OR2    s           2    1    0    1  |alulayer:77|mux4x1:3|Q~2 (|alulayer:77|mux4x1:3|~42~2)
   -      1     -    A    19        OR2                1    2    1    0  |alulayer:77|mux4x1:3|Q (|alulayer:77|mux4x1:3|:42)
   -      6     -    B    12        OR2                1    1    0    1  |alulayer:80|arithmeticlayer:8|fulladder:12|:6
   -      3     -    B    12        OR2                1    2    1    0  |alulayer:80|arithmeticlayer:8|fulladder:12|cout (|alulayer:80|arithmeticlayer:8|fulladder:12|:10)
   -      5     -    B    12        OR2                3    0    0    2  |alulayer:80|arithmeticlayer:8|mux4x1:6|Q (|alulayer:80|arithmeticlayer:8|mux4x1:6|:42)
   -      7     -    B    12        OR2    s           4    0    0    1  |alulayer:80|mux4x1:3|Q~1 (|alulayer:80|mux4x1:3|~42~1)
   -      8     -    B    12        OR2    s           1    3    0    1  |alulayer:80|mux4x1:3|Q~2 (|alulayer:80|mux4x1:3|~42~2)
   -      2     -    B    12        OR2                3    1    1    0  |alulayer:80|mux4x1:3|Q (|alulayer:80|mux4x1:3|:42)
   -      1     -    B    12        OR2                1    1    0    1  |alulayer:84|arithmeticlayer:8|fulladder:12|:6
   -      4     -    B    12        OR2                1    2    0    2  |alulayer:84|arithmeticlayer:8|fulladder:12|cout (|alulayer:84|arithmeticlayer:8|fulladder:12|:10)
   -      3     -    B    09        OR2                3    0    0    2  |alulayer:84|arithmeticlayer:8|mux4x1:6|Q (|alulayer:84|arithmeticlayer:8|mux4x1:6|:42)
   -      1     -    B    09        OR2                4    0    0    1  |alulayer:84|logiclayer:2|mux4x1:2|Q (|alulayer:84|logiclayer:2|mux4x1:2|:42)
   -      5     -    B    01        OR2    s           2    2    0    1  |alulayer:84|mux4x1:3|Q~1 (|alulayer:84|mux4x1:3|~42~1)
   -      6     -    B    01        OR2    s           2    1    0    1  |alulayer:84|mux4x1:3|Q~2 (|alulayer:84|mux4x1:3|~42~2)
   -      8     -    B    01        OR2                1    2    1    0  |alulayer:84|mux4x1:3|Q (|alulayer:84|mux4x1:3|:42)
   -      4     -    B    01        OR2                1    1    0    1  |alulayer:88|arithmeticlayer:8|fulladder:12|:6
   -      2     -    B    01        OR2                1    2    0    2  |alulayer:88|arithmeticlayer:8|fulladder:12|cout (|alulayer:88|arithmeticlayer:8|fulladder:12|:10)
   -      3     -    B    01        OR2                3    0    0    2  |alulayer:88|arithmeticlayer:8|mux4x1:6|Q (|alulayer:88|arithmeticlayer:8|mux4x1:6|:42)
   -      7     -    B    06        OR2                4    0    0    1  |alulayer:88|logiclayer:2|mux4x1:2|Q (|alulayer:88|logiclayer:2|mux4x1:2|:42)
   -      1     -    B    01        OR2    s           2    2    0    1  |alulayer:88|mux4x1:3|Q~1 (|alulayer:88|mux4x1:3|~42~1)
   -      8     -    B    06        OR2    s           2    1    0    1  |alulayer:88|mux4x1:3|Q~2 (|alulayer:88|mux4x1:3|~42~2)
   -      5     -    B    06        OR2                1    2    1    0  |alulayer:88|mux4x1:3|Q (|alulayer:88|mux4x1:3|:42)
   -      2     -    B    06        OR2                1    1    0    1  |alulayer:92|arithmeticlayer:8|fulladder:12|:6
   -      1     -    B    08        OR2                1    2    0    2  |alulayer:92|arithmeticlayer:8|fulladder:12|cout (|alulayer:92|arithmeticlayer:8|fulladder:12|:10)
   -      2     -    B    09        OR2                3    0    0    2  |alulayer:92|arithmeticlayer:8|mux4x1:6|Q (|alulayer:92|arithmeticlayer:8|mux4x1:6|:42)
   -      4     -    B    06        OR2                4    0    0    1  |alulayer:92|logiclayer:2|mux4x1:2|Q (|alulayer:92|logiclayer:2|mux4x1:2|:42)
   -      3     -    B    06        OR2    s           2    2    0    1  |alulayer:92|mux4x1:3|Q~1 (|alulayer:92|mux4x1:3|~42~1)
   -      6     -    B    06        OR2    s           2    1    0    1  |alulayer:92|mux4x1:3|Q~2 (|alulayer:92|mux4x1:3|~42~2)
   -      1     -    B    06        OR2                1    2    1    0  |alulayer:92|mux4x1:3|Q (|alulayer:92|mux4x1:3|:42)
   -      3     -    B    08        OR2                1    1    0    1  |alulayer:96|arithmeticlayer:8|fulladder:12|:6
   -      5     -    B    08        OR2                1    2    0    2  |alulayer:96|arithmeticlayer:8|fulladder:12|cout (|alulayer:96|arithmeticlayer:8|fulladder:12|:10)
   -      2     -    B    08        OR2                3    0    0    2  |alulayer:96|arithmeticlayer:8|mux4x1:6|Q (|alulayer:96|arithmeticlayer:8|mux4x1:6|:42)
   -      7     -    B    08        OR2                4    0    0    1  |alulayer:96|logiclayer:2|mux4x1:2|Q (|alulayer:96|logiclayer:2|mux4x1:2|:42)
   -      6     -    B    08        OR2    s           2    2    0    1  |alulayer:96|mux4x1:3|Q~1 (|alulayer:96|mux4x1:3|~42~1)
   -      8     -    B    08        OR2    s           2    1    0    1  |alulayer:96|mux4x1:3|Q~2 (|alulayer:96|mux4x1:3|~42~2)
   -      4     -    B    08        OR2                1    2    1    0  |alulayer:96|mux4x1:3|Q (|alulayer:96|mux4x1:3|:42)
   -      6     -    B    09        OR2                1    1    0    2  |alulayer:100|arithmeticlayer:8|fulladder:12|:6
   -      4     -    B    09        OR2                1    3    0    2  |alulayer:100|arithmeticlayer:8|fulladder:12|cout (|alulayer:100|arithmeticlayer:8|fulladder:12|:10)
   -      7     -    B    09        OR2                3    0    0    2  |alulayer:100|arithmeticlayer:8|mux4x1:6|Q (|alulayer:100|arithmeticlayer:8|mux4x1:6|:42)
   -      5     -    B    09        OR2                4    0    0    1  |alulayer:100|logiclayer:2|mux4x1:2|Q (|alulayer:100|logiclayer:2|mux4x1:2|:42)
   -      7     -    B    07        OR2    s           2    2    0    1  |alulayer:100|mux4x1:3|Q~1 (|alulayer:100|mux4x1:3|~42~1)
   -      8     -    B    07        OR2    s           2    1    0    1  |alulayer:100|mux4x1:3|Q~2 (|alulayer:100|mux4x1:3|~42~2)
   -      1     -    B    07        OR2                1    2    1    0  |alulayer:100|mux4x1:3|Q (|alulayer:100|mux4x1:3|:42)
   -      4     -    B    07        OR2                1    1    0    1  |alulayer:104|arithmeticlayer:8|fulladder:12|:6
   -      3     -    B    07        OR2                1    2    0    2  |alulayer:104|arithmeticlayer:8|fulladder:12|cout (|alulayer:104|arithmeticlayer:8|fulladder:12|:10)
   -      6     -    A    16        OR2                3    0    0    2  |alulayer:104|arithmeticlayer:8|mux4x1:6|Q (|alulayer:104|arithmeticlayer:8|mux4x1:6|:42)
   -      1     -    B    05        OR2                4    0    0    1  |alulayer:104|logiclayer:2|mux4x1:2|Q (|alulayer:104|logiclayer:2|mux4x1:2|:42)
   -      5     -    B    07        OR2    s           2    2    0    1  |alulayer:104|mux4x1:3|Q~1 (|alulayer:104|mux4x1:3|~42~1)
   -      6     -    B    07        OR2    s           2    1    0    1  |alulayer:104|mux4x1:3|Q~2 (|alulayer:104|mux4x1:3|~42~2)
   -      2     -    B    07        OR2                1    2    1    0  |alulayer:104|mux4x1:3|Q (|alulayer:104|mux4x1:3|:42)
   -      3     -    B    05        OR2                1    1    0    1  |alulayer:108|arithmeticlayer:8|fulladder:12|:6
   -      8     -    B    05        OR2                1    2    0    2  |alulayer:108|arithmeticlayer:8|fulladder:12|cout (|alulayer:108|arithmeticlayer:8|fulladder:12|:10)
   -      2     -    B    05        OR2                3    0    0    2  |alulayer:108|arithmeticlayer:8|mux4x1:6|Q (|alulayer:108|arithmeticlayer:8|mux4x1:6|:42)
   -      6     -    B    05        OR2                4    0    0    1  |alulayer:108|logiclayer:2|mux4x1:2|Q (|alulayer:108|logiclayer:2|mux4x1:2|:42)
   -      5     -    B    05        OR2    s           2    2    0    1  |alulayer:108|mux4x1:3|Q~1 (|alulayer:108|mux4x1:3|~42~1)
   -      7     -    B    05        OR2    s           2    1    0    1  |alulayer:108|mux4x1:3|Q~2 (|alulayer:108|mux4x1:3|~42~2)
   -      4     -    B    05        OR2                1    2    1    0  |alulayer:108|mux4x1:3|Q (|alulayer:108|mux4x1:3|:42)


Code:

s = Synthesized pin or logic cell
+ = Synchronous flipflop
/ = Slow slew-rate output
! = NOT gate push-back
r = Fitter-inserted logic cell
^ = Increased input delay
* = PCI I/O is enabled
p = Packed register


Device-Specific Information:                     d:\_project max pluss\alu.rpt
alu

** FASTTRACK INTERCONNECT UTILIZATION **

Row FastTrack Interconnect:

          Global         Left Half-      Right Half-
         FastTrack       FastTrack       FastTrack 
Row     Interconnect    Interconnect    Interconnect    Input Pins     Output Pins     Bidir Pins
A:      15/ 96( 15%)     1/ 48(  2%)    19/ 48( 39%)    6/16( 37%)      4/16( 25%)     0/16(  0%)
B:      14/ 96( 14%)    23/ 48( 47%)     0/ 48(  0%)    5/16( 31%)      4/16( 25%)     0/16(  0%)
C:       0/ 96(  0%)     2/ 48(  4%)     0/ 48(  0%)    0/16(  0%)      2/16( 12%)     0/16(  0%)


Column FastTrack Interconnect:

         FastTrack                                 
Column  Interconnect    Input Pins     Output Pins     Bidir Pins
01:      2/24(  8%)     2/4( 50%)      0/4(  0%)       0/4(  0%)
02:      2/24(  8%)     2/4( 50%)      0/4(  0%)       0/4(  0%)
03:      2/24(  8%)     2/4( 50%)      0/4(  0%)       0/4(  0%)
04:      1/24(  4%)     1/4( 25%)      0/4(  0%)       0/4(  0%)
05:      1/24(  4%)     0/4(  0%)      1/4( 25%)       0/4(  0%)
06:      1/24(  4%)     0/4(  0%)      1/4( 25%)       0/4(  0%)
07:      2/24(  8%)     1/4( 25%)      0/4(  0%)       0/4(  0%)
08:      0/24(  0%)     0/4(  0%)      0/4(  0%)       0/4(  0%)
09:      1/24(  4%)     1/4( 25%)      0/4(  0%)       0/4(  0%)
10:      1/24(  4%)     1/4( 25%)      0/4(  0%)       0/4(  0%)
11:      1/24(  4%)     0/4(  0%)      1/4( 25%)       0/4(  0%)
12:      4/24( 16%)     1/4( 25%)      1/4( 25%)       0/4(  0%)
13:      0/24(  0%)     0/4(  0%)      0/4(  0%)       0/4(  0%)
14:      0/24(  0%)     0/4(  0%)      0/4(  0%)       0/4(  0%)
15:      2/24(  8%)     1/4( 25%)      0/4(  0%)       0/4(  0%)
16:      1/24(  4%)     1/4( 25%)      0/4(  0%)       0/4(  0%)
17:      1/24(  4%)     0/4(  0%)      1/4( 25%)       0/4(  0%)
18:      1/24(  4%)     1/4( 25%)      0/4(  0%)       0/4(  0%)
19:      2/24(  8%)     1/4( 25%)      1/4( 25%)       0/4(  0%)
20:      1/24(  4%)     0/4(  0%)      1/4( 25%)       0/4(  0%)
21:      1/24(  4%)     1/4( 25%)      0/4(  0%)       0/4(  0%)
22:      1/24(  4%)     1/4( 25%)      0/4(  0%)       0/4(  0%)
23:      1/24(  4%)     1/4( 25%)      0/4(  0%)       0/4(  0%)
24:      2/24(  8%)     2/4( 50%)      0/4(  0%)       0/4(  0%)
EA:      0/24(  0%)     0/4(  0%)      0/4(  0%)       0/4(  0%)


Device-Specific Information:                     d:\_project max pluss\alu.rpt
alu

** EQUATIONS **

a0       : INPUT;
a1       : INPUT;
a2       : INPUT;
a3       : INPUT;
a4       : INPUT;
a5       : INPUT;
a6       : INPUT;
a7       : INPUT;
a8       : INPUT;
a9       : INPUT;
a10      : INPUT;
a11      : INPUT;
a12      : INPUT;
a13      : INPUT;
a14      : INPUT;
a15      : INPUT;
b0       : INPUT;
b1       : INPUT;
b2       : INPUT;
b3       : INPUT;
b4       : INPUT;
b5       : INPUT;
b6       : INPUT;
b7       : INPUT;
b8       : INPUT;
b9       : INPUT;
b10      : INPUT;
b11      : INPUT;
b12      : INPUT;
b13      : INPUT;
b14      : INPUT;
b15      : INPUT;
cin      : INPUT;
s0       : INPUT;
s1       : INPUT;
s2       : INPUT;
s3       : INPUT;

-- Node name is 'E' 
-- Equation name is 'E', type is output 
E        =  _LC3_B12;

-- Node name is 'F0' 
-- Equation name is 'F0', type is output 
F0       =  _LC2_A16;

-- Node name is 'F1' 
-- Equation name is 'F1', type is output 
F1       =  _LC8_A13;

-- Node name is 'F2' 
-- Equation name is 'F2', type is output 
F2       =  _LC1_A24;

-- Node name is 'F3' 
-- Equation name is 'F3', type is output 
F3       =  _LC4_A19;

-- Node name is 'F4' 
-- Equation name is 'F4', type is output 
F4       =  _LC1_A19;

-- Node name is 'F5' 
-- Equation name is 'F5', type is output 
F5       =  _LC4_A18;

-- Node name is 'F6' 
-- Equation name is 'F6', type is output 
F6       =  _LC2_A15;

-- Node name is 'F7' 
-- Equation name is 'F7', type is output 
F7       =  _LC7_A12;

-- Node name is 'F8' 
-- Equation name is 'F8', type is output 
F8       =  _LC4_B5;

-- Node name is 'F9' 
-- Equation name is 'F9', type is output 
F9       =  _LC2_B7;

-- Node name is 'F10' 
-- Equation name is 'F10', type is output 
F10      =  _LC1_B7;

-- Node name is 'F11' 
-- Equation name is 'F11', type is output 
F11      =  _LC4_B8;

-- Node name is 'F12' 
-- Equation name is 'F12', type is output 
F12      =  _LC1_B6;

-- Node name is 'F13' 
-- Equation name is 'F13', type is output 
F13      =  _LC5_B6;

-- Node name is 'F14' 
-- Equation name is 'F14', type is output 
F14      =  _LC8_B1;

-- Node name is 'F15' 
-- Equation name is 'F15', type is output 
F15      =  _LC2_B12;

-- Node name is '|alulayer:1|arithmeticlayer:8|fulladder:12|:10' = '|alulayer:1|arithmeticlayer:8|fulladder:12|cout' 
-- Equation name is '_LC5_A13', type is buried 
_LC5_A13 = LCELL( _EQ001);
  _EQ001 =  a0 &  _LC1_A16
         #  cin &  _LC1_A16
         #  a0 &  cin;

-- Node name is '|alulayer:1|arithmeticlayer:8|fulladder:12|:7' = '|alulayer:1|arithmeticlayer:8|fulladder:12|S' 
-- Equation name is '_LC6_A13', type is buried 
_LC6_A13 = LCELL( _EQ002);
  _EQ002 = !a0 & !cin &  _LC1_A16
         #  a0 & !cin & !_LC1_A16
         #  a0 &  cin &  _LC1_A16
         # !a0 &  cin & !_LC1_A16;

-- Node name is '|alulayer:1|arithmeticlayer:8|mux4x1:6|:42' = '|alulayer:1|arithmeticlayer:8|mux4x1:6|Q' 
-- Equation name is '_LC1_A16', type is buried 
_LC1_A16 = LCELL( _EQ003);
  _EQ003 = !b0 &  s0
         #  s0 &  s1
         #  b0 & !s0 & !s1;

-- Node name is '|alulayer:1|logiclayer:2|mux4x1:2|:42' = '|alulayer:1|logiclayer:2|mux4x1:2|Q' 
-- Equation name is '_LC7_A16', type is buried 
_LC7_A16 = LCELL( _EQ004);
  _EQ004 = !a0 &  s0 &  s1
         #  b0 &  s0 & !s1
         #  a0 &  s0 & !s1
         # !a0 &  b0 &  s1
         #  a0 & !b0 & !s0 &  s1
         #  a0 &  b0 & !s1;

-- Node name is '|alulayer:1|mux4x1:3|:42' = '|alulayer:1|mux4x1:3|Q' 
-- Equation name is '_LC2_A16', type is buried 
_LC2_A16 = LCELL( _EQ005);
  _EQ005 =  _LC8_A16 &  s2
         #  _LC6_A13 & !s2 & !s3;

-- Node name is '|alulayer:1|mux4x1:3|~42~1' = '|alulayer:1|mux4x1:3|Q~1' 
-- Equation name is '_LC8_A16', type is buried 
-- synthesized logic cell 
_LC8_A16 = LCELL( _EQ006);
  _EQ006 =  _LC7_A16 & !s3
         #  a1 &  s3;

-- Node name is '|alulayer:15|arithmeticlayer:8|fulladder:12|:10' = '|alulayer:15|arithmeticlayer:8|fulladder:12|cout' 
-- Equation name is '_LC1_A13', type is buried 
_LC1_A13 = LCELL( _EQ007);
  _EQ007 =  _LC3_A13 &  _LC5_A13
         #  a1 &  _LC5_A13
         #  a1 &  _LC3_A13;

-- Node name is '|alulayer:15|arithmeticlayer:8|fulladder:12|:6' 
-- Equation name is '_LC4_A13', type is buried 
_LC4_A13 = LCELL( _EQ008);
  _EQ008 = !a1 &  _LC3_A13
         #  a1 & !_LC3_A13;

-- Node name is '|alulayer:15|arithmeticlayer:8|mux4x1:6|:42' = '|alulayer:15|arithmeticlayer:8|mux4x1:6|Q' 
-- Equation name is '_LC3_A13', type is buried 
_LC3_A13 = LCELL( _EQ009);
  _EQ009 =  b1 & !s0 & !s1
         #  s0 &  s1
         # !b1 &  s0;

-- Node name is '|alulayer:15|logiclayer:2|mux4x1:2|:42' = '|alulayer:15|logiclayer:2|mux4x1:2|Q' 
-- Equation name is '_LC2_A13', type is buried 
_LC2_A13 = LCELL( _EQ010);
  _EQ010 = !a1 &  s0 &  s1
         #  a1 &  s0 & !s1
         #  b1 &  s0 & !s1
         #  a1 & !b1 & !s0 &  s1
         # !a1 &  b1 &  s1
         #  a1 &  b1 & !s1;

-- Node name is '|alulayer:15|mux4x1:3|:42' = '|alulayer:15|mux4x1:3|Q' 
-- Equation name is '_LC8_A13', type is buried 
_LC8_A13 = LCELL( _EQ011);
  _EQ011 =  _LC7_A13 & !s2
         #  _LC2_A24 &  s2;

-- Node name is '|alulayer:15|mux4x1:3|~42~1' = '|alulayer:15|mux4x1:3|Q~1' 
-- Equation name is '_LC7_A13', type is buried 
-- synthesized logic cell 
_LC7_A13 = LCELL( _EQ012);
  _EQ012 = !_LC4_A13 &  _LC5_A13 & !s3
         #  _LC4_A13 & !_LC5_A13 & !s3
         #  a0 &  s3;

-- Node name is '|alulayer:15|mux4x1:3|~42~2' = '|alulayer:15|mux4x1:3|Q~2' 
-- Equation name is '_LC2_A24', type is buried 
-- synthesized logic cell 
_LC2_A24 = LCELL( _EQ013);
  _EQ013 =  a2 &  s3
         #  _LC2_A13 & !s3;

-- Node name is '|alulayer:20|arithmeticlayer:8|fulladder:12|:10' = '|alulayer:20|arithmeticlayer:8|fulladder:12|cout' 
-- Equation name is '_LC8_A24', type is buried 
_LC8_A24 = LCELL( _EQ014);
  _EQ014 =  _LC1_A13 &  _LC3_A24
         #  a2 &  _LC1_A13
         #  a2 &  _LC3_A24;

-- Node name is '|alulayer:20|arithmeticlayer:8|fulladder:12|:6' 
-- Equation name is '_LC4_A24', type is buried 
_LC4_A24 = LCELL( _EQ015);
  _EQ015 = !a2 &  _LC3_A24
         #  a2 & !_LC3_A24;

-- Node name is '|alulayer:20|arithmeticlayer:8|mux4x1:6|:42' = '|alulayer:20|arithmeticlayer:8|mux4x1:6|Q' 
-- Equation name is '_LC3_A24', type is buried 
_LC3_A24 = LCELL( _EQ016);
  _EQ016 =  b2 & !s0 & !s1
         # !b2 &  s0
         #  s0 &  s1;

-- Node name is '|alulayer:20|logiclayer:2|mux4x1:2|:42' = '|alulayer:20|logiclayer:2|mux4x1:2|Q' 
-- Equation name is '_LC6_A24', type is buried 
_LC6_A24 = LCELL( _EQ017);
  _EQ017 = !a2 &  s0 &  s1
         #  b2 &  s0 & !s1
         #  a2 &  s0 & !s1
         # !a2 &  b2 &  s1
         #  a2 & !b2 & !s0 &  s1
         #  a2 &  b2 & !s1;

-- Node name is '|alulayer:20|mux4x1:3|:42' = '|alulayer:20|mux4x1:3|Q' 
-- Equation name is '_LC1_A24', type is buried 
_LC1_A24 = LCELL( _EQ018);
  _EQ018 =  _LC5_A24 & !s2
         #  _LC7_A24 &  s2;

-- Node name is '|alulayer:20|mux4x1:3|~42~1' = '|alulayer:20|mux4x1:3|Q~1' 
-- Equation name is '_LC5_A24', type is buried 
-- synthesized logic cell 
_LC5_A24 = LCELL( _EQ019);
  _EQ019 =  a1 &  s3
         #  _LC1_A13 & !_LC4_A24 & !s3
         # !_LC1_A13 &  _LC4_A24 & !s3;

-- Node name is '|alulayer:20|mux4x1:3|~42~2' = '|alulayer:20|mux4x1:3|Q~2' 
-- Equation name is '_LC7_A24', type is buried 
-- synthesized logic cell 
_LC7_A24 = LCELL( _EQ020);
  _EQ020 =  a3 &  s3
         #  _LC6_A24 & !s3;

-- Node name is '|alulayer:23|arithmeticlayer:8|fulladder:12|:10' = '|alulayer:23|arithmeticlayer:8|fulladder:12|cout' 
-- Equation name is '_LC6_A18', type is buried 
_LC6_A18 = LCELL( _EQ021);
  _EQ021 =  _LC3_A16 &  _LC8_A24
         #  a3 &  _LC8_A24
         #  a3 &  _LC3_A16;

-- Node name is '|alulayer:23|arithmeticlayer:8|fulladder:12|:6' 
-- Equation name is '_LC2_A19', type is buried 
_LC2_A19 = LCELL( _EQ022);
  _EQ022 = !a3 &  _LC3_A16
         #  a3 & !_LC3_A16;

-- Node name is '|alulayer:23|arithmeticlayer:8|mux4x1:6|:42' = '|alulayer:23|arithmeticlayer:8|mux4x1:6|Q' 
-- Equation name is '_LC3_A16', type is buried 
_LC3_A16 = LCELL( _EQ023);
  _EQ023 =  b3 & !s0 & !s1
         # !b3 &  s0
         #  s0 &  s1;

-- Node name is '|alulayer:23|logiclayer:2|mux4x1:2|:42' = '|alulayer:23|logiclayer:2|mux4x1:2|Q' 
-- Equation name is '_LC5_A19', type is buried 
_LC5_A19 = LCELL( _EQ024);
  _EQ024 = !a3 &  s0 &  s1
         #  b3 &  s0 & !s1
         #  a3 &  s0 & !s1
         # !a3 &  b3 &  s1
         #  a3 & !b3 & !s0 &  s1
         #  a3 &  b3 & !s1;

-- Node name is '|alulayer:23|mux4x1:3|:42' = '|alulayer:23|mux4x1:3|Q' 
-- Equation name is '_LC4_A19', type is buried 
_LC4_A19 = LCELL( _EQ025);
  _EQ025 =  _LC3_A19 & !s2
         #  _LC6_A19 &  s2;

-- Node name is '|alulayer:23|mux4x1:3|~42~1' = '|alulayer:23|mux4x1:3|Q~1' 
-- Equation name is '_LC3_A19', type is buried 
-- synthesized logic cell 
_LC3_A19 = LCELL( _EQ026);
  _EQ026 = !_LC2_A19 &  _LC8_A24 & !s3
         #  _LC2_A19 & !_LC8_A24 & !s3
         #  a2 &  s3;

-- Node name is '|alulayer:23|mux4x1:3|~42~2' = '|alulayer:23|mux4x1:3|Q~2' 
-- Equation name is '_LC6_A19', type is buried 
-- synthesized logic cell 
_LC6_A19 = LCELL( _EQ027);
  _EQ027 =  a4 &  s3
         #  _LC5_A19 & !s3;

-- Node name is '|alulayer:64|arithmeticlayer:8|fulladder:12|:10' = '|alulayer:64|arithmeticlayer:8|fulladder:12|cout' 
-- Equation name is '_LC1_A12', type is buried 
_LC1_A12 = LCELL( _EQ028);
  _EQ028 =  _LC2_A12 &  _LC4_A12
         #  a7 &  _LC4_A12
         #  a7 &  _LC2_A12;

-- Node name is '|alulayer:64|arithmeticlayer:8|fulladder:12|:6' 
-- Equation name is '_LC3_A12', type is buried 
_LC3_A12 = LCELL( _EQ029);
  _EQ029 = !a7 &  _LC2_A12
         #  a7 & !_LC2_A12;

-- Node name is '|alulayer:64|arithmeticlayer:8|mux4x1:6|:42' = '|alulayer:64|arithmeticlayer:8|mux4x1:6|Q' 
-- Equation name is '_LC2_A12', type is buried 
_LC2_A12 = LCELL( _EQ030);
  _EQ030 =  b7 & !s0 & !s1
         # !b7 &  s0
         #  s0 &  s1;

-- Node name is '|alulayer:64|logiclayer:2|mux4x1:2|:42' = '|alulayer:64|logiclayer:2|mux4x1:2|Q' 
-- Equation name is '_LC6_A12', type is buried 
_LC6_A12 = LCELL( _EQ031);
  _EQ031 = !a7 &  s0 &  s1
         #  b7 &  s0 & !s1
         #  a7 &  s0 & !s1
         # !a7 &  b7 &  s1
         #  a7 & !b7 & !s0 &  s1
         #  a7 &  b7 & !s1;

-- Node name is '|alulayer:64|mux4x1:3|:42' = '|alulayer:64|mux4x1:3|Q' 
-- Equation name is '_LC7_A12', type is buried 
_LC7_A12 = LCELL( _EQ032);
  _EQ032 =  _LC5_A12 & !s2
         #  _LC8_A12 &  s2;

-- Node name is '|alulayer:64|mux4x1:3|~42~1' = '|alulayer:64|mux4x1:3|Q~1' 
-- Equation name is '_LC5_A12', type is buried 
-- synthesized logic cell 
_LC5_A12 = LCELL( _EQ033);
  _EQ033 = !_LC3_A12 &  _LC4_A12 & !s3
         #  _LC3_A12 & !_LC4_A12 & !s3
         #  a6 &  s3;

-- Node name is '|alulayer:64|mux4x1:3|~42~2' = '|alulayer:64|mux4x1:3|Q~2' 
-- Equation name is '_LC8_A12', type is buried 
-- synthesized logic cell 
_LC8_A12 = LCELL( _EQ034);
  _EQ034 =  a8 &  s3
         #  _LC6_A12 & !s3;

-- Node name is '|alulayer:69|arithmeticlayer:8|fulladder:12|:10' = '|alulayer:69|arithmeticlayer:8|fulladder:12|cout' 
-- Equation name is '_LC4_A12', type is buried 
_LC4_A12 = LCELL( _EQ035);
  _EQ035 =  _LC5_A15 &  _LC8_A15
         #  a6 &  _LC5_A15
         #  a6 &  _LC8_A15;

-- Node name is '|alulayer:69|arithmeticlayer:8|fulladder:12|:6' 
-- Equation name is '_LC1_A15', type is buried 
_LC1_A15 = LCELL( _EQ036);
  _EQ036 = !a6 &  _LC8_A15
         #  a6 & !_LC8_A15;

-- Node name is '|alulayer:69|arithmeticlayer:8|mux4x1:6|:42' = '|alulayer:69|arithmeticlayer:8|mux4x1:6|Q' 
-- Equation name is '_LC8_A15', type is buried 
_LC8_A15 = LCELL( _EQ037);
  _EQ037 =  b6 & !s0 & !s1
         # !b6 &  s0
         #  s0 &  s1;

-- Node name is '|alulayer:69|logiclayer:2|mux4x1:2|:42' = '|alulayer:69|logiclayer:2|mux4x1:2|Q' 
-- Equation name is '_LC6_A15', type is buried 
_LC6_A15 = LCELL( _EQ038);
  _EQ038 = !a6 &  s0 &  s1
         #  b6 &  s0 & !s1
         #  a6 &  s0 & !s1
         # !a6 &  b6 &  s1
         #  a6 & !b6 & !s0 &  s1
         #  a6 &  b6 & !s1;

-- Node name is '|alulayer:69|mux4x1:3|:42' = '|alulayer:69|mux4x1:3|Q' 
-- Equation name is '_LC2_A15', type is buried 
_LC2_A15 = LCELL( _EQ039);
  _EQ039 =  _LC3_A15 & !s2
         #  _LC7_A15 &  s2;

-- Node name is '|alulayer:69|mux4x1:3|~42~1' = '|alulayer:69|mux4x1:3|Q~1' 
-- Equation name is '_LC3_A15', type is buried 
-- synthesized logic cell 
_LC3_A15 = LCELL( _EQ040);
  _EQ040 = !_LC1_A15 &  _LC5_A15 & !s3
         #  _LC1_A15 & !_LC5_A15 & !s3
         #  a5 &  s3;

-- Node name is '|alulayer:69|mux4x1:3|~42~2' = '|alulayer:69|mux4x1:3|Q~2' 
-- Equation name is '_LC7_A15', type is buried 
-- synthesized logic cell 
_LC7_A15 = LCELL( _EQ041);
  _EQ041 =  a7 &  s3
         #  _LC6_A15 & !s3;

-- Node name is '|alulayer:73|arithmeticlayer:8|fulladder:12|:10' = '|alulayer:73|arithmeticlayer:8|fulladder:12|cout' 
-- Equation name is '_LC5_A15', type is buried 
_LC5_A15 = LCELL( _EQ042);
  _EQ042 =  _LC2_A18 &  _LC4_A16
         #  a5 &  _LC2_A18
         #  a5 &  _LC4_A16;

-- Node name is '|alulayer:73|arithmeticlayer:8|fulladder:12|:6' 
-- Equation name is '_LC4_A15', type is buried 
_LC4_A15 = LCELL( _EQ043);
  _EQ043 = !a5 &  _LC4_A16
         #  a5 & !_LC4_A16;

-- Node name is '|alulayer:73|arithmeticlayer:8|mux4x1:6|:42' = '|alulayer:73|arithmeticlayer:8|mux4x1:6|Q' 
-- Equation name is '_LC4_A16', type is buried 
_LC4_A16 = LCELL( _EQ044);
  _EQ044 =  b5 & !s0 & !s1
         # !b5 &  s0
         #  s0 &  s1;

-- Node name is '|alulayer:73|logiclayer:2|mux4x1:2|:42' = '|alulayer:73|logiclayer:2|mux4x1:2|Q' 
-- Equation name is '_LC5_A16', type is buried 
_LC5_A16 = LCELL( _EQ045);
  _EQ045 = !a5 &  s0 &  s1
         #  b5 &  s0 & !s1
         #  a5 &  s0 & !s1
         # !a5 &  b5 &  s1
         #  a5 & !b5 & !s0 &  s1
         #  a5 &  b5 & !s1;

-- Node name is '|alulayer:73|mux4x1:3|:42' = '|alulayer:73|mux4x1:3|Q' 
-- Equation name is '_LC4_A18', type is buried 
_LC4_A18 = LCELL( _EQ046);
  _EQ046 =  _LC7_A18 & !s2
         #  _LC8_A18 &  s2;

-- Node name is '|alulayer:73|mux4x1:3|~42~1' = '|alulayer:73|mux4x1:3|Q~1' 
-- Equation name is '_LC7_A18', type is buried 
-- synthesized logic cell 
_LC7_A18 = LCELL( _EQ047);
  _EQ047 =  _LC2_A18 & !_LC4_A15 & !s3
         # !_LC2_A18 &  _LC4_A15 & !s3
         #  a4 &  s3;

-- Node name is '|alulayer:73|mux4x1:3|~42~2' = '|alulayer:73|mux4x1:3|Q~2' 
-- Equation name is '_LC8_A18', type is buried 
-- synthesized logic cell 
_LC8_A18 = LCELL( _EQ048);
  _EQ048 =  a6 &  s3
         #  _LC5_A16 & !s3;

-- Node name is '|alulayer:77|arithmeticlayer:8|fulladder:12|:10' = '|alulayer:77|arithmeticlayer:8|fulladder:12|cout' 
-- Equation name is '_LC2_A18', type is buried 
_LC2_A18 = LCELL( _EQ049);
  _EQ049 =  _LC3_A18 &  _LC6_A18
         #  a4 &  _LC6_A18
         #  a4 &  _LC3_A18;

-- Node name is '|alulayer:77|arithmeticlayer:8|fulladder:12|:6' 
-- Equation name is '_LC5_A18', type is buried 
_LC5_A18 = LCELL( _EQ050);
  _EQ050 = !a4 &  _LC3_A18
         #  a4 & !_LC3_A18;

-- Node name is '|alulayer:77|arithmeticlayer:8|mux4x1:6|:42' = '|alulayer:77|arithmeticlayer:8|mux4x1:6|Q' 
-- Equation name is '_LC3_A18', type is buried 
_LC3_A18 = LCELL( _EQ051);
  _EQ051 =  b4 & !s0 & !s1
         # !b4 &  s0
         #  s0 &  s1;

-- Node name is '|alulayer:77|logiclayer:2|mux4x1:2|:42' = '|alulayer:77|logiclayer:2|mux4x1:2|Q' 
-- Equation name is '_LC7_A19', type is buried 
_LC7_A19 = LCELL( _EQ052);
  _EQ052 = !a4 &  s0 &  s1
         #  b4 &  s0 & !s1
         #  a4 &  s0 & !s1
         # !a4 &  b4 &  s1
         #  a4 & !b4 & !s0 &  s1
         #  a4 &  b4 & !s1;

-- Node name is '|alulayer:77|mux4x1:3|:42' = '|alulayer:77|mux4x1:3|Q' 
-- Equation name is '_LC1_A19', type is buried 
_LC1_A19 = LCELL( _EQ053);
  _EQ053 =  _LC1_A18 & !s2
         #  _LC8_A19 &  s2;

-- Node name is '|alulayer:77|mux4x1:3|~42~1' = '|alulayer:77|mux4x1:3|Q~1' 
-- Equation name is '_LC1_A18', type is buried 
-- synthesized logic cell 
_LC1_A18 = LCELL( _EQ054);
  _EQ054 = !_LC5_A18 &  _LC6_A18 & !s3
         #  _LC5_A18 & !_LC6_A18 & !s3
         #  a3 &  s3;

-- Node name is '|alulayer:77|mux4x1:3|~42~2' = '|alulayer:77|mux4x1:3|Q~2' 
-- Equation name is '_LC8_A19', type is buried 
-- synthesized logic cell 
_LC8_A19 = LCELL( _EQ055);
  _EQ055 =  a5 &  s3
         #  _LC7_A19 & !s3;

-- Node name is '|alulayer:80|arithmeticlayer:8|fulladder:12|:10' = '|alulayer:80|arithmeticlayer:8|fulladder:12|cout' 
-- Equation name is '_LC3_B12', type is buried 
_LC3_B12 = LCELL( _EQ056);
  _EQ056 =  _LC4_B12 &  _LC5_B12
         #  a15 &  _LC4_B12
         #  a15 &  _LC5_B12;

-- Node name is '|alulayer:80|arithmeticlayer:8|fulladder:12|:6' 
-- Equation name is '_LC6_B12', type is buried 
_LC6_B12 = LCELL( _EQ057);
  _EQ057 = !a15 &  _LC5_B12
         #  a15 & !_LC5_B12;

-- Node name is '|alulayer:80|arithmeticlayer:8|mux4x1:6|:42' = '|alulayer:80|arithmeticlayer:8|mux4x1:6|Q' 
-- Equation name is '_LC5_B12', type is buried 
_LC5_B12 = LCELL( _EQ058);
  _EQ058 =  b15 & !s0 & !s1
         # !b15 &  s0
         #  s0 &  s1;

-- Node name is '|alulayer:80|mux4x1:3|:42' = '|alulayer:80|mux4x1:3|Q' 
-- Equation name is '_LC2_B12', type is buried 
_LC2_B12 = LCELL( _EQ059);
  _EQ059 =  _LC8_B12 & !s3
         #  a14 & !s2 &  s3;

-- Node name is '|alulayer:80|mux4x1:3|~42~1' = '|alulayer:80|mux4x1:3|Q~1' 
-- Equation name is '_LC7_B12', type is buried 
-- synthesized logic cell 
_LC7_B12 = LCELL( _EQ060);
  _EQ060 =  b15 &  s0 & !s1
         # !a15 &  b15 &  s1
         #  a15 &  b15 & !s1
         # !a15 &  s0 &  s1
         #  a15 &  s0 & !s1
         #  a15 & !b15 & !s0 &  s1;

-- Node name is '|alulayer:80|mux4x1:3|~42~2' = '|alulayer:80|mux4x1:3|Q~2' 
-- Equation name is '_LC8_B12', type is buried 
-- synthesized logic cell 
_LC8_B12 = LCELL( _EQ061);
  _EQ061 = !_LC4_B12 &  _LC6_B12 & !s2
         #  _LC4_B12 & !_LC6_B12 & !s2
         #  _LC7_B12 &  s2;

-- Node name is '|alulayer:84|arithmeticlayer:8|fulladder:12|:10' = '|alulayer:84|arithmeticlayer:8|fulladder:12|cout' 
-- Equation name is '_LC4_B12', type is buried 
_LC4_B12 = LCELL( _EQ062);
  _EQ062 =  _LC2_B1 &  _LC3_B9
         #  a14 &  _LC2_B1
         #  a14 &  _LC3_B9;

-- Node name is '|alulayer:84|arithmeticlayer:8|fulladder:12|:6' 
-- Equation name is '_LC1_B12', type is buried 
_LC1_B12 = LCELL( _EQ063);
  _EQ063 = !a14 &  _LC3_B9
         #  a14 & !_LC3_B9;

-- Node name is '|alulayer:84|arithmeticlayer:8|mux4x1:6|:42' = '|alulayer:84|arithmeticlayer:8|mux4x1:6|Q' 
-- Equation name is '_LC3_B9', type is buried 
_LC3_B9  = LCELL( _EQ064);
  _EQ064 =  b14 & !s0 & !s1
         # !b14 &  s0
         #  s0 &  s1;

-- Node name is '|alulayer:84|logiclayer:2|mux4x1:2|:42' = '|alulayer:84|logiclayer:2|mux4x1:2|Q' 
-- Equation name is '_LC1_B9', type is buried 
_LC1_B9  = LCELL( _EQ065);
  _EQ065 = !a14 &  s0 &  s1
         #  b14 &  s0 & !s1
         #  a14 &  s0 & !s1
         # !a14 &  b14 &  s1
         #  a14 & !b14 & !s0 &  s1
         #  a14 &  b14 & !s1;

-- Node name is '|alulayer:84|mux4x1:3|:42' = '|alulayer:84|mux4x1:3|Q' 
-- Equation name is '_LC8_B1', type is buried 
_LC8_B1  = LCELL( _EQ066);
  _EQ066 =  _LC5_B1 & !s2
         #  _LC6_B1 &  s2;

-- Node name is '|alulayer:84|mux4x1:3|~42~1' = '|alulayer:84|mux4x1:3|Q~1' 
-- Equation name is '_LC5_B1', type is buried 
-- synthesized logic cell 
_LC5_B1  = LCELL( _EQ067);
  _EQ067 = !_LC1_B12 &  _LC2_B1 & !s3
         #  _LC1_B12 & !_LC2_B1 & !s3
         #  a13 &  s3;

-- Node name is '|alulayer:84|mux4x1:3|~42~2' = '|alulayer:84|mux4x1:3|Q~2' 
-- Equation name is '_LC6_B1', type is buried 
-- synthesized logic cell 
_LC6_B1  = LCELL( _EQ068);
  _EQ068 =  _LC1_B9 & !s3
         #  a15 &  s3;

-- Node name is '|alulayer:88|arithmeticlayer:8|fulladder:12|:10' = '|alulayer:88|arithmeticlayer:8|fulladder:12|cout' 
-- Equation name is '_LC2_B1', type is buried 
_LC2_B1  = LCELL( _EQ069);
  _EQ069 =  _LC1_B8 &  _LC3_B1
         #  a13 &  _LC1_B8
         #  a13 &  _LC3_B1;

-- Node name is '|alulayer:88|arithmeticlayer:8|fulladder:12|:6' 
-- Equation name is '_LC4_B1', type is buried 
_LC4_B1  = LCELL( _EQ070);
  _EQ070 = !a13 &  _LC3_B1
         #  a13 & !_LC3_B1;

-- Node name is '|alulayer:88|arithmeticlayer:8|mux4x1:6|:42' = '|alulayer:88|arithmeticlayer:8|mux4x1:6|Q' 
-- Equation name is '_LC3_B1', type is buried 
_LC3_B1  = LCELL( _EQ071);
  _EQ071 =  b13 & !s0 & !s1
         # !b13 &  s0
         #  s0 &  s1;

-- Node name is '|alulayer:88|logiclayer:2|mux4x1:2|:42' = '|alulayer:88|logiclayer:2|mux4x1:2|Q' 
-- Equation name is '_LC7_B6', type is buried 
_LC7_B6  = LCELL( _EQ072);
  _EQ072 = !a13 &  s0 &  s1
         #  b13 &  s0 & !s1
         #  a13 &  s0 & !s1
         # !a13 &  b13 &  s1
         #  a13 & !b13 & !s0 &  s1
         #  a13 &  b13 & !s1;

-- Node name is '|alulayer:88|mux4x1:3|:42' = '|alulayer:88|mux4x1:3|Q' 
-- Equation name is '_LC5_B6', type is buried 
_LC5_B6  = LCELL( _EQ073);
  _EQ073 =  _LC1_B1 & !s2
         #  _LC8_B6 &  s2;

-- Node name is '|alulayer:88|mux4x1:3|~42~1' = '|alulayer:88|mux4x1:3|Q~1' 
-- Equation name is '_LC1_B1', type is buried 
-- synthesized logic cell 
_LC1_B1  = LCELL( _EQ074);
  _EQ074 =  _LC1_B8 & !_LC4_B1 & !s3
         # !_LC1_B8 &  _LC4_B1 & !s3
         #  a12 &  s3;

-- Node name is '|alulayer:88|mux4x1:3|~42~2' = '|alulayer:88|mux4x1:3|Q~2' 
-- Equation name is '_LC8_B6', type is buried 
-- synthesized logic cell 
_LC8_B6  = LCELL( _EQ075);
  _EQ075 =  a14 &  s3
         #  _LC7_B6 & !s3;

-- Node name is '|alulayer:92|arithmeticlayer:8|fulladder:12|:10' = '|alulayer:92|arithmeticlayer:8|fulladder:12|cout' 
-- Equation name is '_LC1_B8', type is buried 
_LC1_B8  = LCELL( _EQ076);
  _EQ076 =  _LC2_B9 &  _LC5_B8
         #  a12 &  _LC5_B8
         #  a12 &  _LC2_B9;

-- Node name is '|alulayer:92|arithmeticlayer:8|fulladder:12|:6' 
-- Equation name is '_LC2_B6', type is buried 
_LC2_B6  = LCELL( _EQ077);
  _EQ077 = !a12 &  _LC2_B9
         #  a12 & !_LC2_B9;

-- Node name is '|alulayer:92|arithmeticlayer:8|mux4x1:6|:42' = '|alulayer:92|arithmeticlayer:8|mux4x1:6|Q' 
-- Equation name is '_LC2_B9', type is buried 
_LC2_B9  = LCELL( _EQ078);
  _EQ078 =  b12 & !s0 & !s1
         # !b12 &  s0
         #  s0 &  s1;

-- Node name is '|alulayer:92|logiclayer:2|mux4x1:2|:42' = '|alulayer:92|logiclayer:2|mux4x1:2|Q' 
-- Equation name is '_LC4_B6', type is buried 
_LC4_B6  = LCELL( _EQ079);
  _EQ079 = !a12 &  s0 &  s1
         #  b12 &  s0 & !s1
         #  a12 &  s0 & !s1
         # !a12 &  b12 &  s1
         #  a12 & !b12 & !s0 &  s1
         #  a12 &  b12 & !s1;

-- Node name is '|alulayer:92|mux4x1:3|:42' = '|alulayer:92|mux4x1:3|Q' 
-- Equation name is '_LC1_B6', type is buried 
_LC1_B6  = LCELL( _EQ080);
  _EQ080 =  _LC3_B6 & !s2
         #  _LC6_B6 &  s2;

-- Node name is '|alulayer:92|mux4x1:3|~42~1' = '|alulayer:92|mux4x1:3|Q~1' 
-- Equation name is '_LC3_B6', type is buried 
-- synthesized logic cell 
_LC3_B6  = LCELL( _EQ081);
  _EQ081 =  a11 &  s3
         # !_LC2_B6 &  _LC5_B8 & !s3
         #  _LC2_B6 & !_LC5_B8 & !s3;

-- Node name is '|alulayer:92|mux4x1:3|~42~2' = '|alulayer:92|mux4x1:3|Q~2' 
-- Equation name is '_LC6_B6', type is buried 
-- synthesized logic cell 
_LC6_B6  = LCELL( _EQ082);
  _EQ082 =  a13 &  s3
         #  _LC4_B6 & !s3;

-- Node name is '|alulayer:96|arithmeticlayer:8|fulladder:12|:10' = '|alulayer:96|arithmeticlayer:8|fulladder:12|cout' 
-- Equation name is '_LC5_B8', type is buried 
_LC5_B8  = LCELL( _EQ083);
  _EQ083 =  _LC2_B8 &  _LC4_B9
         #  a11 &  _LC4_B9
         #  a11 &  _LC2_B8;

-- Node name is '|alulayer:96|arithmeticlayer:8|fulladder:12|:6' 
-- Equation name is '_LC3_B8', type is buried 
_LC3_B8  = LCELL( _EQ084);
  _EQ084 = !a11 &  _LC2_B8
         #  a11 & !_LC2_B8;

-- Node name is '|alulayer:96|arithmeticlayer:8|mux4x1:6|:42' = '|alulayer:96|arithmeticlayer:8|mux4x1:6|Q' 
-- Equation name is '_LC2_B8', type is buried 
_LC2_B8  = LCELL( _EQ085);
  _EQ085 =  b11 & !s0 & !s1
         # !b11 &  s0
         #  s0 &  s1;

-- Node name is '|alulayer:96|logiclayer:2|mux4x1:2|:42' = '|alulayer:96|logiclayer:2|mux4x1:2|Q' 
-- Equation name is '_LC7_B8', type is buried 
_LC7_B8  = LCELL( _EQ086);
  _EQ086 = !a11 &  s0 &  s1
         #  a11 &  s0 & !s1
         #  b11 &  s0 & !s1
         #  a11 & !b11 & !s0 &  s1
         # !a11 &  b11 &  s1
         #  a11 &  b11 & !s1;

-- Node name is '|alulayer:96|mux4x1:3|:42' = '|alulayer:96|mux4x1:3|Q' 
-- Equation name is '_LC4_B8', type is buried 
_LC4_B8  = LCELL( _EQ087);
  _EQ087 =  _LC6_B8 & !s2
         #  _LC8_B8 &  s2;

-- Node name is '|alulayer:96|mux4x1:3|~42~1' = '|alulayer:96|mux4x1:3|Q~1' 
-- Equation name is '_LC6_B8', type is buried 
-- synthesized logic cell 
_LC6_B8  = LCELL( _EQ088);
  _EQ088 = !_LC3_B8 &  _LC4_B9 & !s3
         #  _LC3_B8 & !_LC4_B9 & !s3
         #  a10 &  s3;

-- Node name is '|alulayer:96|mux4x1:3|~42~2' = '|alulayer:96|mux4x1:3|Q~2' 
-- Equation name is '_LC8_B8', type is buried 
-- synthesized logic cell 
_LC8_B8  = LCELL( _EQ089);
  _EQ089 =  a12 &  s3
         #  _LC7_B8 & !s3;

-- Node name is '|alulayer:100|arithmeticlayer:8|fulladder:12|:10' = '|alulayer:100|arithmeticlayer:8|fulladder:12|cout' 
-- Equation name is '_LC4_B9', type is buried 
_LC4_B9  = LCELL( _EQ090);
  _EQ090 =  _LC3_B7 &  _LC6_B9
         #  a10 &  _LC7_B9;

-- Node name is '|alulayer:100|arithmeticlayer:8|fulladder:12|:6' 
-- Equation name is '_LC6_B9', type is buried 
_LC6_B9  = LCELL( _EQ091);
  _EQ091 = !a10 &  _LC7_B9
         #  a10 & !_LC7_B9;

-- Node name is '|alulayer:100|arithmeticlayer:8|mux4x1:6|:42' = '|alulayer:100|arithmeticlayer:8|mux4x1:6|Q' 
-- Equation name is '_LC7_B9', type is buried 
_LC7_B9  = LCELL( _EQ092);
  _EQ092 =  b10 & !s0 & !s1
         # !b10 &  s0
         #  s0 &  s1;

-- Node name is '|alulayer:100|logiclayer:2|mux4x1:2|:42' = '|alulayer:100|logiclayer:2|mux4x1:2|Q' 
-- Equation name is '_LC5_B9', type is buried 
_LC5_B9  = LCELL( _EQ093);
  _EQ093 = !a10 &  s0 &  s1
         #  b10 &  s0 & !s1
         #  a10 &  s0 & !s1
         # !a10 &  b10 &  s1
         #  a10 & !b10 & !s0 &  s1
         #  a10 &  b10 & !s1;

-- Node name is '|alulayer:100|mux4x1:3|:42' = '|alulayer:100|mux4x1:3|Q' 
-- Equation name is '_LC1_B7', type is buried 
_LC1_B7  = LCELL( _EQ094);
  _EQ094 =  _LC7_B7 & !s2
         #  _LC8_B7 &  s2;

-- Node name is '|alulayer:100|mux4x1:3|~42~1' = '|alulayer:100|mux4x1:3|Q~1' 
-- Equation name is '_LC7_B7', type is buried 
-- synthesized logic cell 
_LC7_B7  = LCELL( _EQ095);
  _EQ095 =  _LC3_B7 & !_LC6_B9 & !s3
         # !_LC3_B7 &  _LC6_B9 & !s3
         #  a9 &  s3;

-- Node name is '|alulayer:100|mux4x1:3|~42~2' = '|alulayer:100|mux4x1:3|Q~2' 
-- Equation name is '_LC8_B7', type is buried 
-- synthesized logic cell 
_LC8_B7  = LCELL( _EQ096);
  _EQ096 =  _LC5_B9 & !s3
         #  a11 &  s3;

-- Node name is '|alulayer:104|arithmeticlayer:8|fulladder:12|:10' = '|alulayer:104|arithmeticlayer:8|fulladder:12|cout' 
-- Equation name is '_LC3_B7', type is buried 
_LC3_B7  = LCELL( _EQ097);
  _EQ097 =  _LC6_A16 &  _LC8_B5
         #  a9 &  _LC8_B5
         #  a9 &  _LC6_A16;

-- Node name is '|alulayer:104|arithmeticlayer:8|fulladder:12|:6' 
-- Equation name is '_LC4_B7', type is buried 
_LC4_B7  = LCELL( _EQ098);
  _EQ098 = !a9 &  _LC6_A16
         #  a9 & !_LC6_A16;

-- Node name is '|alulayer:104|arithmeticlayer:8|mux4x1:6|:42' = '|alulayer:104|arithmeticlayer:8|mux4x1:6|Q' 
-- Equation name is '_LC6_A16', type is buried 
_LC6_A16 = LCELL( _EQ099);
  _EQ099 =  b9 & !s0 & !s1
         # !b9 &  s0
         #  s0 &  s1;

-- Node name is '|alulayer:104|logiclayer:2|mux4x1:2|:42' = '|alulayer:104|logiclayer:2|mux4x1:2|Q' 
-- Equation name is '_LC1_B5', type is buried 
_LC1_B5  = LCELL( _EQ100);
  _EQ100 = !a9 &  s0 &  s1
         #  b9 &  s0 & !s1
         #  a9 &  s0 & !s1
         # !a9 &  b9 &  s1
         #  a9 & !b9 & !s0 &  s1
         #  a9 &  b9 & !s1;

-- Node name is '|alulayer:104|mux4x1:3|:42' = '|alulayer:104|mux4x1:3|Q' 
-- Equation name is '_LC2_B7', type is buried 
_LC2_B7  = LCELL( _EQ101);
  _EQ101 =  _LC5_B7 & !s2
         #  _LC6_B7 &  s2;

-- Node name is '|alulayer:104|mux4x1:3|~42~1' = '|alulayer:104|mux4x1:3|Q~1' 
-- Equation name is '_LC5_B7', type is buried 
-- synthesized logic cell 
_LC5_B7  = LCELL( _EQ102);
  _EQ102 = !_LC4_B7 &  _LC8_B5 & !s3
         #  _LC4_B7 & !_LC8_B5 & !s3
         #  a8 &  s3;

-- Node name is '|alulayer:104|mux4x1:3|~42~2' = '|alulayer:104|mux4x1:3|Q~2' 
-- Equation name is '_LC6_B7', type is buried 
-- synthesized logic cell 
_LC6_B7  = LCELL( _EQ103);
  _EQ103 =  a10 &  s3
         #  _LC1_B5 & !s3;

-- Node name is '|alulayer:108|arithmeticlayer:8|fulladder:12|:10' = '|alulayer:108|arithmeticlayer:8|fulladder:12|cout' 
-- Equation name is '_LC8_B5', type is buried 
_LC8_B5  = LCELL( _EQ104);
  _EQ104 =  _LC1_A12 &  _LC2_B5
         #  a8 &  _LC1_A12
         #  a8 &  _LC2_B5;

-- Node name is '|alulayer:108|arithmeticlayer:8|fulladder:12|:6' 
-- Equation name is '_LC3_B5', type is buried 
_LC3_B5  = LCELL( _EQ105);
  _EQ105 = !a8 &  _LC2_B5
         #  a8 & !_LC2_B5;

-- Node name is '|alulayer:108|arithmeticlayer:8|mux4x1:6|:42' = '|alulayer:108|arithmeticlayer:8|mux4x1:6|Q' 
-- Equation name is '_LC2_B5', type is buried 
_LC2_B5  = LCELL( _EQ106);
  _EQ106 =  b8 & !s0 & !s1
         # !b8 &  s0
         #  s0 &  s1;

-- Node name is '|alulayer:108|logiclayer:2|mux4x1:2|:42' = '|alulayer:108|logiclayer:2|mux4x1:2|Q' 
-- Equation name is '_LC6_B5', type is buried 
_LC6_B5  = LCELL( _EQ107);
  _EQ107 = !a8 &  s0 &  s1
         #  b8 &  s0 & !s1
         #  a8 &  s0 & !s1
         # !a8 &  b8 &  s1
         #  a8 & !b8 & !s0 &  s1
         #  a8 &  b8 & !s1;

-- Node name is '|alulayer:108|mux4x1:3|:42' = '|alulayer:108|mux4x1:3|Q' 
-- Equation name is '_LC4_B5', type is buried 
_LC4_B5  = LCELL( _EQ108);
  _EQ108 =  _LC5_B5 & !s2
         #  _LC7_B5 &  s2;

-- Node name is '|alulayer:108|mux4x1:3|~42~1' = '|alulayer:108|mux4x1:3|Q~1' 
-- Equation name is '_LC5_B5', type is buried 
-- synthesized logic cell 
_LC5_B5  = LCELL( _EQ109);
  _EQ109 =  _LC1_A12 & !_LC3_B5 & !s3
         # !_LC1_A12 &  _LC3_B5 & !s3
         #  a7 &  s3;

-- Node name is '|alulayer:108|mux4x1:3|~42~2' = '|alulayer:108|mux4x1:3|Q~2' 
-- Equation name is '_LC7_B5', type is buried 
-- synthesized logic cell 
_LC7_B5  = LCELL( _EQ110);
  _EQ110 =  a9 &  s3
         #  _LC6_B5 & !s3;



Project Information                              d:\_project max pluss\alu.rpt

** COMPILATION SETTINGS & TIMES **

Processing Menu Commands
------------------------

Design Doctor                             = off

Logic Synthesis:

   Synthesis Type Used                    = Multi-Level

   Default Synthesis Style                = NORMAL

      Logic option settings in 'NORMAL' style for 'ACEX1K' family

      CARRY_CHAIN                         = ignore
      CARRY_CHAIN_LENGTH                  = 32
      CASCADE_CHAIN                       = ignore
      CASCADE_CHAIN_LENGTH                = 2
      DECOMPOSE_GATES                     = on
      DUPLICATE_LOGIC_EXTRACTION          = on
      MINIMIZATION                        = full
      MULTI_LEVEL_FACTORING               = on
      NOT_GATE_PUSH_BACK                  = on
      REDUCE_LOGIC                        = on
      REFACTORIZATION                     = on
      REGISTER_OPTIMIZATION               = on
      RESYNTHESIZE_NETWORK                = on
      SLOW_SLEW_RATE                      = off
      SUBFACTOR_EXTRACTION                = on
      IGNORE_SOFT_BUFFERS                 = on
      USE_LPM_FOR_AHDL_OPERATORS          = off

   Other logic synthesis settings:

      Automatic Global Clock              = on
      Automatic Global Clear              = on
      Automatic Global Preset             = on
      Automatic Global Output Enable      = on
      Automatic Fast I/O                  = off
      Automatic Register Packing          = off
      Automatic Open-Drain Pins           = on
      Automatic Implement in EAB          = off
      Optimize                            = 5

Default Timing Specifications: None

Cut All Bidir Feedback Timing Paths       = on
Cut All Clear & Preset Timing Paths       = on

Ignore Timing Assignments                 = off

Functional SNF Extractor                  = off

Linked SNF Extractor                      = off
Timing SNF Extractor                      = on
Optimize Timing SNF                       = off
Generate AHDL TDO File                    = off
Fitter Settings                           = NORMAL
Use Quartus Fitter                        = on
Smart Recompile                           = off
Total Recompile                           = off

Interfaces Menu Commands
------------------------

EDIF Netlist Writer                       = off
Verilog Netlist Writer                    = off
VHDL Netlist Writer                       = off

Compilation Times
-----------------

   Compiler Netlist Extractor             00:00:00
   Database Builder                       00:00:00
   Logic Synthesizer                      00:00:00
   Partitioner                            00:00:00
   Fitter                                 00:00:01
   Timing SNF Extractor                   00:00:00
   Assembler                              00:00:00
   --------------------------             --------
   Total Time                             00:00:01


Memory Allocated
-----------------

Peak memory allocated during compilation  = 18,242K
