Project Informationc:\users\admin\documents\github\_project-max-pluss\compressor16.rpt

MAX+plus II Compiler Report File
Version 10.2 07/10/2002
Compiled: 01/24/2023 02:15:23

Copyright (C) 1988-2002 Altera Corporation
Any megafunction design, and related net list (encrypted or decrypted),
support information, device programming or simulation file, and any other
associated documentation or information provided by Altera or a partner
under Altera's Megafunction Partnership Program may be used only to
program PLD devices (but not masked PLD devices) from Altera.  Any other
use of such megafunction design, net list, support information, device
programming or simulation file, or any other related documentation or
information is prohibited for any other purpose, including, but not
limited to modification, reverse engineering, de-compiling, or use with
any other silicon devices, unless such use is explicitly licensed under
a separate agreement with Altera or a megafunction partner.  Title to
the intellectual property, including patents, copyrights, trademarks,
trade secrets, or maskworks, embodied in any such megafunction design,
net list, support information, device programming or simulation file, or
any other related documentation or information provided by Altera or a
megafunction partner, remains with Altera, the megafunction partner, or
their respective licensors.  No other licenses, including any licenses
needed under any third party's intellectual property, are provided herein.



***** Project compilation was successful




** DEVICE SUMMARY **

Chip/                     Input   Output   Bidir         Shareable
POF       Device          Pins    Pins     Pins     LCs  Expanders  % Utilized

compressor16
      EPM7032LC44-6        16       16       0      16      0           50 %

User Pins:                 16       16       0  



Device-Specific Information:c:\users\admin\documents\github\_project-max-pluss\compressor16.rpt
compressor16

***** Logic for device 'compressor16' compiled without errors.




Device: EPM7032LC44-6

Device Options:
    Turbo Bit                                    = ON
    Security Bit                                 = OFF



Device-Specific Information:c:\users\admin\documents\github\_project-max-pluss\compressor16.rpt
compressor16

** ERROR SUMMARY **

Info: Chip 'compressor16' in device 'EPM7032LC44-6' has less than 20% of pins available for future logic changes -- if your project is likely to change, Altera recommends using a larger device
                                            
                                      o  o  
           i  i     V  G  G  G  G  G  u  u  
           1  1  i  C  N  N  N  N  N  t  t  
           4  5  0  C  D  D  D  D  D  5  6  
         -----------------------------------_ 
       /   6  5  4  3  2  1 44 43 42 41 40   | 
  i13 |  7                                39 | out12 
  i12 |  8                                38 | out7 
  i11 |  9                                37 | out8 
  GND | 10                                36 | out11 
  i10 | 11                                35 | VCC 
   i9 | 12         EPM7032LC44-6          34 | out9 
   i8 | 13                                33 | out13 
   i7 | 14                                32 | out4 
  VCC | 15                                31 | out10 
   i6 | 16                                30 | GND 
   i5 | 17                                29 | out3 
      |_  18 19 20 21 22 23 24 25 26 27 28  _| 
        ------------------------------------ 
           i  i  i  i  G  V  o  o  o  o  o  
           4  3  2  1  N  C  u  u  u  u  u  
                       D  C  t  t  t  t  t  
                             1  1  0  2  1  
                                5        4  


N.C. = No Connect. This pin has no internal connection to the device.
VCC = Dedicated power pin, which MUST be connected to VCC.
GND = Dedicated ground pin or unused dedicated input, which MUST be connected to GND.
RESERVED = Unused I/O pin, which MUST be left unconnected.



Device-Specific Information:c:\users\admin\documents\github\_project-max-pluss\compressor16.rpt
compressor16

** RESOURCE USAGE **

                                                Shareable     External
Logic Array Block     Logic Cells   I/O Pins    Expanders   Interconnect

A:     LC1 - LC16     0/16(  0%)  16/16(100%)   0/16(  0%)   0/36(  0%) 
B:    LC17 - LC32    16/16(100%)  16/16(100%)   0/16(  0%)  16/36( 44%) 


Total dedicated input pins used:                 0/4      (  0%)
Total I/O pins used:                            32/32     (100%)
Total logic cells used:                         16/32     ( 50%)
Total shareable expanders used:                  0/32     (  0%)
Total Turbo logic cells used:                   16/32     ( 50%)
Total shareable expanders not available (n/a):   0/32     (  0%)
Average fan-in:                                  1.00
Total fan-in:                                    16

Total input pins required:                      16
Total output pins required:                     16
Total bidirectional pins required:               0
Total logic cells required:                     16
Total flipflops required:                        0
Total product terms required:                   16
Total logic cells lending parallel expanders:    0
Total shareable expanders in database:           0

Synthesized logic cells:                         0/  32   (  0%)



Device-Specific Information:c:\users\admin\documents\github\_project-max-pluss\compressor16.rpt
compressor16

** INPUTS **

                                         Shareable
                                         Expanders     Fan-In    Fan-Out
 Pin     LC  LAB  Primitive    Code   Total Shared n/a INP  FBK  OUT  FBK  Name
   4    (1)  (A)      INPUT               0      0   0    0    0    1    0  i0
  21   (16)  (A)      INPUT               0      0   0    0    0    1    0  i1
  20   (15)  (A)      INPUT               0      0   0    0    0    1    0  i2
  19   (14)  (A)      INPUT               0      0   0    0    0    1    0  i3
  18   (13)  (A)      INPUT               0      0   0    0    0    1    0  i4
  17   (12)  (A)      INPUT               0      0   0    0    0    1    0  i5
  16   (11)  (A)      INPUT               0      0   0    0    0    1    0  i6
  14   (10)  (A)      INPUT               0      0   0    0    0    1    0  i7
  13    (9)  (A)      INPUT               0      0   0    0    0    1    0  i8
  12    (8)  (A)      INPUT               0      0   0    0    0    1    0  i9
  11    (7)  (A)      INPUT               0      0   0    0    0    1    0  i10
   9    (6)  (A)      INPUT               0      0   0    0    0    1    0  i11
   8    (5)  (A)      INPUT               0      0   0    0    0    1    0  i12
   7    (4)  (A)      INPUT               0      0   0    0    0    1    0  i13
   6    (3)  (A)      INPUT               0      0   0    0    0    1    0  i14
   5    (2)  (A)      INPUT               0      0   0    0    0    1    0  i15


Code:

s = Synthesized pin or logic cell
t = Turbo logic cell
+ = Synchronous flipflop
! = NOT gate push-back
r = Fitter-inserted logic cell


Device-Specific Information:c:\users\admin\documents\github\_project-max-pluss\compressor16.rpt
compressor16

** OUTPUTS **

                                         Shareable
                                         Expanders     Fan-In    Fan-Out
 Pin     LC  LAB  Primitive    Code   Total Shared n/a INP  FBK  OUT  FBK  Name
  26     30    B     OUTPUT      t        0      0   0    1    0    0    0  out0
  24     32    B     OUTPUT      t        0      0   0    1    0    0    0  out1
  27     29    B     OUTPUT      t        0      0   0    1    0    0    0  out2
  29     27    B     OUTPUT      t        0      0   0    1    0    0    0  out3
  32     25    B     OUTPUT      t        0      0   0    1    0    0    0  out4
  41     17    B     OUTPUT      t        0      0   0    1    0    0    0  out5
  40     18    B     OUTPUT      t        0      0   0    1    0    0    0  out6
  38     20    B     OUTPUT      t        0      0   0    1    0    0    0  out7
  37     21    B     OUTPUT      t        0      0   0    1    0    0    0  out8
  34     23    B     OUTPUT      t        0      0   0    1    0    0    0  out9
  31     26    B     OUTPUT      t        0      0   0    1    0    0    0  out10
  36     22    B     OUTPUT      t        0      0   0    1    0    0    0  out11
  39     19    B     OUTPUT      t        0      0   0    1    0    0    0  out12
  33     24    B     OUTPUT      t        0      0   0    1    0    0    0  out13
  28     28    B     OUTPUT      t        0      0   0    1    0    0    0  out14
  25     31    B     OUTPUT      t        0      0   0    1    0    0    0  out15


Code:

s = Synthesized pin or logic cell
t = Turbo logic cell
+ = Synchronous flipflop
! = NOT gate push-back
r = Fitter-inserted logic cell


Device-Specific Information:c:\users\admin\documents\github\_project-max-pluss\compressor16.rpt
compressor16

** LOGIC CELL INTERCONNECTIONS **

Logic Array Block 'B':

                                         Logic cells placed in LAB 'B'
        +------------------------------- LC30 out0
        | +----------------------------- LC32 out1
        | | +--------------------------- LC29 out2
        | | | +------------------------- LC27 out3
        | | | | +----------------------- LC25 out4
        | | | | | +--------------------- LC17 out5
        | | | | | | +------------------- LC18 out6
        | | | | | | | +----------------- LC20 out7
        | | | | | | | | +--------------- LC21 out8
        | | | | | | | | | +------------- LC23 out9
        | | | | | | | | | | +----------- LC26 out10
        | | | | | | | | | | | +--------- LC22 out11
        | | | | | | | | | | | | +------- LC19 out12
        | | | | | | | | | | | | | +----- LC24 out13
        | | | | | | | | | | | | | | +--- LC28 out14
        | | | | | | | | | | | | | | | +- LC31 out15
        | | | | | | | | | | | | | | | | 
        | | | | | | | | | | | | | | | |   Other LABs fed by signals
        | | | | | | | | | | | | | | | |   that feed LAB 'B'
LC      | | | | | | | | | | | | | | | | | A B |     Logic cells that feed LAB 'B':

Pin
4    -> * - - - - - - - - - - - - - - - | - * | <-- i0
21   -> - * - - - - - - - - - - - - - - | - * | <-- i1
20   -> - - * - - - - - - - - - - - - - | - * | <-- i2
19   -> - - - * - - - - - - - - - - - - | - * | <-- i3
18   -> - - - - * - - - - - - - - - - - | - * | <-- i4
17   -> - - - - - * - - - - - - - - - - | - * | <-- i5
16   -> - - - - - - * - - - - - - - - - | - * | <-- i6
14   -> - - - - - - - * - - - - - - - - | - * | <-- i7
13   -> - - - - - - - - * - - - - - - - | - * | <-- i8
12   -> - - - - - - - - - * - - - - - - | - * | <-- i9
11   -> - - - - - - - - - - * - - - - - | - * | <-- i10
9    -> - - - - - - - - - - - * - - - - | - * | <-- i11
8    -> - - - - - - - - - - - - * - - - | - * | <-- i12
7    -> - - - - - - - - - - - - - * - - | - * | <-- i13
6    -> - - - - - - - - - - - - - - * - | - * | <-- i14
5    -> - - - - - - - - - - - - - - - * | - * | <-- i15


* = The logic cell or pin is an input to the logic cell (or LAB) through the PIA.
- = The logic cell or pin is not an input to the logic cell (or LAB).


Device-Specific Information:c:\users\admin\documents\github\_project-max-pluss\compressor16.rpt
compressor16

** EQUATIONS **

i0       : INPUT;
i1       : INPUT;
i2       : INPUT;
i3       : INPUT;
i4       : INPUT;
i5       : INPUT;
i6       : INPUT;
i7       : INPUT;
i8       : INPUT;
i9       : INPUT;
i10      : INPUT;
i11      : INPUT;
i12      : INPUT;
i13      : INPUT;
i14      : INPUT;
i15      : INPUT;

-- Node name is 'out0' 
-- Equation name is 'out0', location is LC030, type is output.
 out0    = LCELL( i0 $  GND);

-- Node name is 'out1' 
-- Equation name is 'out1', location is LC032, type is output.
 out1    = LCELL( i1 $  GND);

-- Node name is 'out2' 
-- Equation name is 'out2', location is LC029, type is output.
 out2    = LCELL( i2 $  GND);

-- Node name is 'out3' 
-- Equation name is 'out3', location is LC027, type is output.
 out3    = LCELL( i3 $  GND);

-- Node name is 'out4' 
-- Equation name is 'out4', location is LC025, type is output.
 out4    = LCELL( i4 $  GND);

-- Node name is 'out5' 
-- Equation name is 'out5', location is LC017, type is output.
 out5    = LCELL( i5 $  GND);

-- Node name is 'out6' 
-- Equation name is 'out6', location is LC018, type is output.
 out6    = LCELL( i6 $  GND);

-- Node name is 'out7' 
-- Equation name is 'out7', location is LC020, type is output.
 out7    = LCELL( i7 $  GND);

-- Node name is 'out8' 
-- Equation name is 'out8', location is LC021, type is output.
 out8    = LCELL( i8 $  GND);

-- Node name is 'out9' 
-- Equation name is 'out9', location is LC023, type is output.
 out9    = LCELL( i9 $  GND);

-- Node name is 'out10' 
-- Equation name is 'out10', location is LC026, type is output.
 out10   = LCELL( i10 $  GND);

-- Node name is 'out11' 
-- Equation name is 'out11', location is LC022, type is output.
 out11   = LCELL( i11 $  GND);

-- Node name is 'out12' 
-- Equation name is 'out12', location is LC019, type is output.
 out12   = LCELL( i12 $  GND);

-- Node name is 'out13' 
-- Equation name is 'out13', location is LC024, type is output.
 out13   = LCELL( i13 $  GND);

-- Node name is 'out14' 
-- Equation name is 'out14', location is LC028, type is output.
 out14   = LCELL( i14 $  GND);

-- Node name is 'out15' 
-- Equation name is 'out15', location is LC031, type is output.
 out15   = LCELL( i15 $  GND);



--     Shareable expanders that are duplicated in multiple LABs:
--     (none)




Project Informationc:\users\admin\documents\github\_project-max-pluss\compressor16.rpt

** COMPILATION SETTINGS & TIMES **

Processing Menu Commands
------------------------

Design Doctor                             = off

Logic Synthesis:

   Synthesis Type Used                    = Standard

   Default Synthesis Style                = NORMAL

      Logic option settings in 'NORMAL' style for 'MAX7000' family

      DECOMPOSE_GATES                     = on
      DUPLICATE_LOGIC_EXTRACTION          = on
      MINIMIZATION                        = full
      MULTI_LEVEL_FACTORING               = on
      NOT_GATE_PUSH_BACK                  = on
      PARALLEL_EXPANDERS                  = off
      REDUCE_LOGIC                        = on
      REFACTORIZATION                     = on
      REGISTER_OPTIMIZATION               = on
      RESYNTHESIZE_NETWORK                = on
      SLOW_SLEW_RATE                      = off
      SOFT_BUFFER_INSERTION               = on
      SUBFACTOR_EXTRACTION                = on
      TURBO_BIT                           = on
      XOR_SYNTHESIS                       = on
      IGNORE_SOFT_BUFFERS                 = off
      USE_LPM_FOR_AHDL_OPERATORS          = off

   Other logic synthesis settings:

      Automatic Global Clock              = on
      Automatic Global Clear              = on
      Automatic Global Preset             = on
      Automatic Global Output Enable      = on
      Automatic Fast I/O                  = off
      Automatic Register Packing          = off
      Automatic Open-Drain Pins           = on
      Automatic Implement in EAB          = off
      One-Hot State Machine Encoding      = off
      Optimize                            = 5

Default Timing Specifications: None

Cut All Bidir Feedback Timing Paths       = on
Cut All Clear & Preset Timing Paths       = on

Ignore Timing Assignments                 = off

Functional SNF Extractor                  = off

Linked SNF Extractor                      = off
Timing SNF Extractor                      = on
Optimize Timing SNF                       = off
Generate AHDL TDO File                    = off
Fitter Settings                           = NORMAL
Smart Recompile                           = off
Total Recompile                           = off

Interfaces Menu Commands
------------------------

EDIF Netlist Writer                       = off
Verilog Netlist Writer                    = off
VHDL Netlist Writer                       = off

Compilation Times
-----------------

   Compiler Netlist Extractor             00:00:00
   Database Builder                       00:00:00
   Logic Synthesizer                      00:00:00
   Partitioner                            00:00:00
   Fitter                                 00:00:01
   Timing SNF Extractor                   00:00:00
   Assembler                              00:00:00
   --------------------------             --------
   Total Time                             00:00:01


Memory Allocated
-----------------

Peak memory allocated during compilation  = 3,839K
