Project Information                               d:\_project max pluss\dr.rpt

MAX+plus II Compiler Report File
Version 10.2 07/10/2002
Compiled: 01/23/2023 17:34:44

Copyright (C) 1988-2002 Altera Corporation
Any megafunction design, and related net list (encrypted or decrypted),
support information, device programming or simulation file, and any other
associated documentation or information provided by Altera or a partner
under Altera's Megafunction Partnership Program may be used only to
program PLD devices (but not masked PLD devices) from Altera.  Any other
use of such megafunction design, net list, support information, device
programming or simulation file, or any other related documentation or
information is prohibited for any other purpose, including, but not
limited to modification, reverse engineering, de-compiling, or use with
any other silicon devices, unless such use is explicitly licensed under
a separate agreement with Altera or a megafunction partner.  Title to
the intellectual property, including patents, copyrights, trademarks,
trade secrets, or maskworks, embodied in any such megafunction design,
net list, support information, device programming or simulation file, or
any other related documentation or information provided by Altera or a
megafunction partner, remains with Altera, the megafunction partner, or
their respective licensors.  No other licenses, including any licenses
needed under any third party's intellectual property, are provided herein.



***** Project compilation was successful




** DEVICE SUMMARY **

Chip/                     Input Output Bidir  Memory  Memory  			 LCs
POF       Device          Pins  Pins   Pins   Bits % Utilized  LCs  % Utilized

dr        EP1K10TC100-1    20     16     0    0         0  %    49       8  %

User Pins:                 20     16     0  



Project Information                               d:\_project max pluss\dr.rpt

** FILE HIERARCHY **



|4bitregister:1|
|4bitregister:1|ha:58|
|4bitregister:1|ha:59|
|4bitregister:1|ha:60|
|4bitregister:1|ha:61|
|4bitregister:1|mux2x1:54|
|4bitregister:1|mux2x1:55|
|4bitregister:1|mux2x1:56|
|4bitregister:1|mux2x1:57|
|4bitregister:1|d:50|
|4bitregister:1|d:50|lpm_ff:lpm_ff_component|
|4bitregister:1|d:51|
|4bitregister:1|d:51|lpm_ff:lpm_ff_component|
|4bitregister:1|d:52|
|4bitregister:1|d:52|lpm_ff:lpm_ff_component|
|4bitregister:1|d:53|
|4bitregister:1|d:53|lpm_ff:lpm_ff_component|
|4bitregister:4|
|4bitregister:4|ha:58|
|4bitregister:4|ha:59|
|4bitregister:4|ha:60|
|4bitregister:4|ha:61|
|4bitregister:4|mux2x1:54|
|4bitregister:4|mux2x1:55|
|4bitregister:4|mux2x1:56|
|4bitregister:4|mux2x1:57|
|4bitregister:4|d:50|
|4bitregister:4|d:50|lpm_ff:lpm_ff_component|
|4bitregister:4|d:51|
|4bitregister:4|d:51|lpm_ff:lpm_ff_component|
|4bitregister:4|d:52|
|4bitregister:4|d:52|lpm_ff:lpm_ff_component|
|4bitregister:4|d:53|
|4bitregister:4|d:53|lpm_ff:lpm_ff_component|
|4bitregister:3|
|4bitregister:3|ha:58|
|4bitregister:3|ha:59|
|4bitregister:3|ha:60|
|4bitregister:3|ha:61|
|4bitregister:3|mux2x1:54|
|4bitregister:3|mux2x1:55|
|4bitregister:3|mux2x1:56|
|4bitregister:3|mux2x1:57|
|4bitregister:3|d:50|
|4bitregister:3|d:50|lpm_ff:lpm_ff_component|
|4bitregister:3|d:51|
|4bitregister:3|d:51|lpm_ff:lpm_ff_component|
|4bitregister:3|d:52|
|4bitregister:3|d:52|lpm_ff:lpm_ff_component|
|4bitregister:3|d:53|
|4bitregister:3|d:53|lpm_ff:lpm_ff_component|
|4bitregister:2|
|4bitregister:2|ha:58|
|4bitregister:2|ha:59|
|4bitregister:2|ha:60|
|4bitregister:2|ha:61|
|4bitregister:2|mux2x1:54|
|4bitregister:2|mux2x1:55|
|4bitregister:2|mux2x1:56|
|4bitregister:2|mux2x1:57|
|4bitregister:2|d:50|
|4bitregister:2|d:50|lpm_ff:lpm_ff_component|
|4bitregister:2|d:51|
|4bitregister:2|d:51|lpm_ff:lpm_ff_component|
|4bitregister:2|d:52|
|4bitregister:2|d:52|lpm_ff:lpm_ff_component|
|4bitregister:2|d:53|
|4bitregister:2|d:53|lpm_ff:lpm_ff_component|


Device-Specific Information:                      d:\_project max pluss\dr.rpt
dr

***** Logic for device 'dr' compiled without errors.




Device: EP1K10TC100-1

ACEX 1K Configuration Scheme: Passive Serial

Device Options:
    User-Supplied Start-Up Clock               = OFF
    Auto-Restart Configuration on Frame Error  = OFF
    Release Clears Before Tri-States           = OFF
    Enable Chip_Wide Reset                     = OFF
    Enable Chip-Wide Output Enable             = OFF
    Enable INIT_DONE Output                    = OFF
    JTAG User Code                             = 7f
    MultiVolt I/O                              = OFF
    Enable Lock Output                         = OFF

                                                                   
                                                                   
                  R R R R                 R R R R   R R R     R    
                  E E E E                 E E E E   E E E     E    
                  S S S S       V         S S S S   S S S     S ^  
                  E E E E       C         E E E E V E E E     E D  
                # R R R R       C     l   R R R R C R R R     R A  
                T V V V V G     I     o G V V V V C V V V     V T  
                C E E E E N a q N a a a N E E E E I E E E a q E A  
                K D D D D D 5 4 T 0 3 d D D D D D O D D D 1 2 D 0  
              ----------------------------------------------------_ 
             / 100  98  96  94  92  90  88  86  84  82  80  78  76   |_ 
            /     99  97  95  93  91  89  87  85  83  81  79  77    | 
^CONF_DONE |  1                                                    75 | ^DCLK 
     ^nCEO |  2                                                    74 | ^nCE 
      #TDO |  3                                                    73 | #TDI 
     VCCIO |  4                                                    72 | VCCINT 
       q11 |  5                                                    71 | a13 
       q12 |  6                                                    70 | a12 
       q14 |  7                                                    69 | a11 
       q15 |  8                                                    68 | a15 
       a14 |  9                                                    67 | VCCIO 
       q13 | 10                                                    66 | GND 
       GND | 11                                                    65 | RESERVED 
    VCCINT | 12                                                    64 | RESERVED 
        q9 | 13                   EP1K10TC100-1                    63 | a10 
        q8 | 14                                                    62 | a8 
  RESERVED | 15                                                    61 | a9 
       q10 | 16                                                    60 | VCCINT 
     VCCIO | 17                                                    59 | GND 
       GND | 18                                                    58 | a4 
        q3 | 19                                                    57 | a6 
        a2 | 20                                                    56 | q0 
        q7 | 21                                                    55 | a7 
        q5 | 22                                                    54 | ^MSEL0 
        q6 | 23                                                    53 | ^MSEL1 
      #TMS | 24                                                    52 | VCCINT 
  ^nSTATUS | 25                                                    51 | ^nCONFIG 
           |      27  29  31  33  35  37  39  41  43  45  47  49  _| 
            \   26  28  30  32  34  36  38  40  42  44  46  48  50   | 
             \----------------------------------------------------- 
                R R R R R R R R R V G V c c i G G R V R R R R R q  
                E E E E E E E E E C N C l l n N N E C E E E E E 1  
                S S S S S S S S S C D C e k r D D S C S S S S S    
                E E E E E E E E E I   _ a     _   E I E E E E E    
                R R R R R R R R R N   C r     C   R O R R R R R    
                V V V V V V V V V T   K       K   V   V V V V V    
                E E E E E E E E E     L       L   E   E E E E E    
                D D D D D D D D D     K       K   D   D D D D D    
                                                                   
                                                                   


N.C. = No Connect. This pin has no internal connection to the device.
VCCINT = Dedicated power pin, which MUST be connected to VCC (2.5 volts).
VCCIO = Dedicated power pin, which MUST be connected to VCC (2.5 volts).
GND = Dedicated ground pin or unused dedicated input, which MUST be connected to GND.
RESERVED = Unused I/O pin, which MUST be left unconnected.

^ = Dedicated configuration pin.
+ = Reserved configuration pin, which is tri-stated during user mode.
* = Reserved configuration pin, which drives out in user mode.
PDn = Power Down pin. 
@ = Special-purpose pin. 
# = JTAG Boundary-Scan Testing/In-System Programming or Configuration Pin. The JTAG inputs TMS and TDI should be tied to VCC and TCK should be tied to GND when not in use.
& = JTAG pin used for I/O. When used as user I/O, JTAG pins must be kept stable before and during configuration.  JTAG pin stability prevents accidental loading of JTAG instructions.
$ = Pin has PCI I/O option enabled. Pin is neither '5.0 V'- nor '3.3 V'-tolerant. 


Device-Specific Information:                      d:\_project max pluss\dr.rpt
dr

** RESOURCE USAGE **

Logic                Column       Row                                   
Array                Interconnect Interconnect         Clears/     External  
Block   Logic Cells  Driven       Driven       Clocks  Presets   Interconnect
A20      7/ 8( 87%)   0/ 8(  0%)   3/ 8( 37%)    1/2    0/2       7/22( 31%)   
A22      8/ 8(100%)   0/ 8(  0%)   4/ 8( 50%)    1/2    0/2       8/22( 36%)   
B23      8/ 8(100%)   1/ 8( 12%)   3/ 8( 37%)    1/2    0/2       6/22( 27%)   
C1       8/ 8(100%)   2/ 8( 25%)   2/ 8( 25%)    1/2    0/2       6/22( 27%)   
C14      8/ 8(100%)   1/ 8( 12%)   3/ 8( 37%)    1/2    0/2       8/22( 36%)   
C15      2/ 8( 25%)   1/ 8( 12%)   1/ 8( 12%)    0/2    0/2       3/22( 13%)   
C24      8/ 8(100%)   1/ 8( 12%)   4/ 8( 50%)    1/2    0/2       7/22( 31%)   


Embedded             Column       Row                                   
Array     Embedded   Interconnect Interconnect         Read/      External  
Block     Cells      Driven       Driven       Clocks  Write    Interconnect


Total dedicated input pins used:                 6/6      (100%)
Total I/O pins used:                            30/60     ( 50%)
Total logic cells used:                         49/576    (  8%)
Total embedded cells used:                       0/48     (  0%)
Total EABs used:                                 0/3      (  0%)
Average fan-in:                                 3.40/4    ( 85%)
Total fan-in:                                 167/2304    (  7%)

Total input pins required:                      20
Total input I/O cell registers required:         0
Total output pins required:                     16
Total output I/O cell registers required:        0
Total buried I/O cell registers required:        0
Total bidirectional pins required:               0
Total reserved pins required                     0
Total logic cells required:                     49
Total flipflops required:                       16
Total packed registers required:                 0
Total logic cells in carry chains:               0
Total number of carry chains:                    0
Total logic cells in cascade chains:             0
Total number of cascade chains:                  0
Total single-pin Clock Enables required:         0
Total single-pin Output Enables required:        0

Synthesized logic cells:                         0/ 576   (  0%)

Logic Cell and Embedded Cell Counts

Column:  01  02  03  04  05  06  07  08  09  10  11  12  EA  13  14  15  16  17  18  19  20  21  22  23  24  Total(LC/EC)
 A:      0   0   0   0   0   0   0   0   0   0   0   0   0   0   0   0   0   0   0   0   7   0   8   0   0     15/0  
 B:      0   0   0   0   0   0   0   0   0   0   0   0   0   0   0   0   0   0   0   0   0   0   0   8   0      8/0  
 C:      8   0   0   0   0   0   0   0   0   0   0   0   0   0   8   2   0   0   0   0   0   0   0   0   8     26/0  

Total:   8   0   0   0   0   0   0   0   0   0   0   0   0   0   8   2   0   0   0   0   7   0   8   8   8     49/0  



Device-Specific Information:                      d:\_project max pluss\dr.rpt
dr

** INPUTS **

                                                    Fan-In    Fan-Out
 Pin     LC     EC   Row  Col  Primitive    Code      INP  FBK  OUT  FBK  Name
  91      -     -    -    --      INPUT             ^    0    0    0    1  a0
  79      -     -    -    02      INPUT             ^    0    0    0    1  a1
  20      -     -    C    --      INPUT             ^    0    0    0    1  a2
  90      -     -    -    --      INPUT             ^    0    0    0    1  a3
  58      -     -    C    --      INPUT             ^    0    0    0    1  a4
  94      -     -    -    19      INPUT             ^    0    0    0    1  a5
  57      -     -    C    --      INPUT             ^    0    0    0    1  a6
  55      -     -    C    --      INPUT             ^    0    0    0    1  a7
  62      -     -    B    --      INPUT             ^    0    0    0    1  a8
  61      -     -    B    --      INPUT             ^    0    0    0    1  a9
  63      -     -    B    --      INPUT             ^    0    0    0    1  a10
  69      -     -    A    --      INPUT             ^    0    0    0    1  a11
  70      -     -    A    --      INPUT             ^    0    0    0    1  a12
  71      -     -    A    --      INPUT             ^    0    0    0    1  a13
   9      -     -    A    --      INPUT             ^    0    0    0    1  a14
  68      -     -    A    --      INPUT             ^    0    0    0    1  a15
  38      -     -    -    --      INPUT             ^    0    0    0   16  clear
  39      -     -    -    --      INPUT  G          ^    0    0    0    0  clk
  40      -     -    -    --      INPUT             ^    0    0    0    7  inr
  89      -     -    -    --      INPUT             ^    0    0    0    4  load


Code:

s = Synthesized pin or logic cell
+ = Synchronous flipflop
/ = Slow slew-rate output
! = NOT gate push-back
r = Fitter-inserted logic cell
^ = Increased input delay
* = PCI I/O is enabled
@ = Uses single-pin Clock Enable
& = Uses single-pin Output Enable
G = Global Source. Fan-out destinations counted here do not include destinations
that are driven using global routing resources. Refer to the Auto Global Signals,
Clock Signals, Clear Signals, Synchronous Load Signals, and Synchronous Clear Signals
Sections of this Report File for information on which signals' fan-outs are used as
Clock, Clear, Preset, Output Enable, and synchronous Load signals.


Device-Specific Information:                      d:\_project max pluss\dr.rpt
dr

** OUTPUTS **

       Fed By Fed By                                Fan-In    Fan-Out
 Pin     LC     EC   Row  Col  Primitive    Code      INP  FBK  OUT  FBK  Name
  56      -     -    C    --     OUTPUT                 0    1    0    0  q0
  50      -     -    -    02     OUTPUT                 0    1    0    0  q1
  78      -     -    -    01     OUTPUT                 0    1    0    0  q2
  19      -     -    C    --     OUTPUT                 0    1    0    0  q3
  93      -     -    -    13     OUTPUT                 0    1    0    0  q4
  22      -     -    C    --     OUTPUT                 0    1    0    0  q5
  23      -     -    C    --     OUTPUT                 0    1    0    0  q6
  21      -     -    C    --     OUTPUT                 0    1    0    0  q7
  14      -     -    B    --     OUTPUT                 0    1    0    0  q8
  13      -     -    B    --     OUTPUT                 0    1    0    0  q9
  16      -     -    B    --     OUTPUT                 0    1    0    0  q10
   5      -     -    A    --     OUTPUT                 0    1    0    0  q11
   6      -     -    A    --     OUTPUT                 0    1    0    0  q12
  10      -     -    A    --     OUTPUT                 0    1    0    0  q13
   7      -     -    A    --     OUTPUT                 0    1    0    0  q14
   8      -     -    A    --     OUTPUT                 0    1    0    0  q15


Code:

s = Synthesized pin or logic cell
+ = Synchronous flipflop
/ = Slow slew-rate output
! = NOT gate push-back
r = Fitter-inserted logic cell
^ = Increased input delay
* = PCI I/O is enabled
@ = Uses single-pin Clock Enable
& = Uses single-pin Output Enable


Device-Specific Information:                      d:\_project max pluss\dr.rpt
dr

** BURIED LOGIC **

                                                    Fan-In    Fan-Out
 IOC     LC     EC   Row  Col  Primitive    Code      INP  FBK  OUT  FBK  Name
   -      5     -    C    01       DFFE   +            1    2    1    4  |4bitregister:1|D:50|lpm_ff:lpm_ff_component|dffs0
   -      1     -    C    01       DFFE   +            1    2    1    3  |4bitregister:1|D:51|lpm_ff:lpm_ff_component|dffs0
   -      4     -    C    01       DFFE   +            1    2    1    2  |4bitregister:1|D:52|lpm_ff:lpm_ff_component|dffs0
   -      1     -    C    14       DFFE   +            1    2    1    9  |4bitregister:1|D:53|lpm_ff:lpm_ff_component|dffs0
   -      3     -    C    01       AND2                1    2    0    1  |4bitregister:1|ha:59|c (|4bitregister:1|ha:59|:4)
   -      7     -    C    01       AND2                1    3    0    9  |4bitregister:1|ha:60|c (|4bitregister:1|ha:60|:4)
   -      2     -    C    01        OR2                2    1    0    1  |4bitregister:1|mux2x1:54|O (|4bitregister:1|mux2x1:54|:8)
   -      8     -    C    01        OR2                2    2    0    1  |4bitregister:1|mux2x1:55|O (|4bitregister:1|mux2x1:55|:8)
   -      6     -    C    01        OR2                2    2    0    1  |4bitregister:1|mux2x1:56|O (|4bitregister:1|mux2x1:56|:8)
   -      3     -    C    14        OR2                2    2    0    1  |4bitregister:1|mux2x1:57|O (|4bitregister:1|mux2x1:57|:8)
   -      2     -    C    15        OR2                2    0    0    4  |4bitregister:1|:49
   -      2     -    C    14       DFFE   +            1    2    1    3  |4bitregister:2|D:50|lpm_ff:lpm_ff_component|dffs0
   -      5     -    C    14       DFFE   +            1    3    1    2  |4bitregister:2|D:51|lpm_ff:lpm_ff_component|dffs0
   -      7     -    C    24       DFFE   +            1    3    1    3  |4bitregister:2|D:52|lpm_ff:lpm_ff_component|dffs0
   -      4     -    C    24       DFFE   +            1    2    1    2  |4bitregister:2|D:53|lpm_ff:lpm_ff_component|dffs0
   -      4     -    C    14       AND2                0    4    0    3  |4bitregister:2|ha:59|c (|4bitregister:2|ha:59|:4)
   -      6     -    C    24        OR2                0    3    0    1  |4bitregister:2|ha:61|S (|4bitregister:2|ha:61|:3)
   -      1     -    C    24       AND2                0    3    0    7  |4bitregister:2|ha:61|c (|4bitregister:2|ha:61|:4)
   -      6     -    C    14        OR2                1    3    0    1  |4bitregister:2|mux2x1:54|O (|4bitregister:2|mux2x1:54|:8)
   -      8     -    C    14        OR2                1    2    0    1  |4bitregister:2|mux2x1:55|:5
   -      7     -    C    14        OR2                0    4    0    1  |4bitregister:2|mux2x1:55|:6
   -      5     -    C    24        OR2                1    2    0    1  |4bitregister:2|mux2x1:56|:5
   -      3     -    C    24        OR2                0    4    0    1  |4bitregister:2|mux2x1:56|:6
   -      8     -    C    24        OR2                1    3    0    1  |4bitregister:2|mux2x1:57|O (|4bitregister:2|mux2x1:57|:8)
   -      2     -    C    24        OR2                1    2    0    4  |4bitregister:2|:49
   -      3     -    B    23       DFFE   +            1    2    1    4  |4bitregister:3|D:50|lpm_ff:lpm_ff_component|dffs0
   -      1     -    B    23       DFFE   +            1    2    1    3  |4bitregister:3|D:51|lpm_ff:lpm_ff_component|dffs0
   -      7     -    B    23       DFFE   +            1    2    1    2  |4bitregister:3|D:52|lpm_ff:lpm_ff_component|dffs0
   -      1     -    A    22       DFFE   +            1    2    1    9  |4bitregister:3|D:53|lpm_ff:lpm_ff_component|dffs0
   -      5     -    B    23       AND2                0    3    0    1  |4bitregister:3|ha:59|c (|4bitregister:3|ha:59|:4)
   -      2     -    B    23       AND2                0    4    0    9  |4bitregister:3|ha:60|c (|4bitregister:3|ha:60|:4)
   -      4     -    B    23        OR2                1    2    0    1  |4bitregister:3|mux2x1:54|O (|4bitregister:3|mux2x1:54|:8)
   -      8     -    B    23        OR2                1    3    0    1  |4bitregister:3|mux2x1:55|O (|4bitregister:3|mux2x1:55|:8)
   -      6     -    B    23        OR2                1    3    0    1  |4bitregister:3|mux2x1:56|O (|4bitregister:3|mux2x1:56|:8)
   -      3     -    A    22        OR2                1    3    0    1  |4bitregister:3|mux2x1:57|O (|4bitregister:3|mux2x1:57|:8)
   -      1     -    C    15        OR2                1    1    0    4  |4bitregister:3|:49
   -      2     -    A    22       DFFE   +            1    2    1    3  |4bitregister:4|D:50|lpm_ff:lpm_ff_component|dffs0
   -      8     -    A    22       DFFE   +            1    3    1    2  |4bitregister:4|D:51|lpm_ff:lpm_ff_component|dffs0
   -      2     -    A    20       DFFE   +            1    3    1    2  |4bitregister:4|D:52|lpm_ff:lpm_ff_component|dffs0
   -      8     -    A    20       DFFE   +            1    2    1    1  |4bitregister:4|D:53|lpm_ff:lpm_ff_component|dffs0
   -      7     -    A    22       AND2                0    4    0    2  |4bitregister:4|ha:59|c (|4bitregister:4|ha:59|:4)
   -      1     -    A    20        OR2                0    3    0    1  |4bitregister:4|ha:61|S (|4bitregister:4|ha:61|:3)
   -      6     -    A    22        OR2                1    3    0    1  |4bitregister:4|mux2x1:54|O (|4bitregister:4|mux2x1:54|:8)
   -      5     -    A    22        OR2                1    2    0    1  |4bitregister:4|mux2x1:55|:5
   -      4     -    A    22        OR2                0    4    0    1  |4bitregister:4|mux2x1:55|:6
   -      6     -    A    20        OR2                1    2    0    1  |4bitregister:4|mux2x1:56|:5
   -      5     -    A    20        OR2                0    4    0    1  |4bitregister:4|mux2x1:56|:6
   -      4     -    A    20        OR2                1    3    0    1  |4bitregister:4|mux2x1:57|O (|4bitregister:4|mux2x1:57|:8)
   -      3     -    A    20        OR2                1    2    0    4  |4bitregister:4|:49


Code:

s = Synthesized pin or logic cell
+ = Synchronous flipflop
/ = Slow slew-rate output
! = NOT gate push-back
r = Fitter-inserted logic cell
^ = Increased input delay
* = PCI I/O is enabled
p = Packed register


Device-Specific Information:                      d:\_project max pluss\dr.rpt
dr

** FASTTRACK INTERCONNECT UTILIZATION **

Row FastTrack Interconnect:

          Global         Left Half-      Right Half-
         FastTrack       FastTrack       FastTrack 
Row     Interconnect    Interconnect    Interconnect    Input Pins     Output Pins     Bidir Pins
A:      10/ 96( 10%)     0/ 48(  0%)     5/ 48( 10%)    5/16( 31%)      5/16( 31%)     0/16(  0%)
B:       5/ 96(  5%)     0/ 48(  0%)     3/ 48(  6%)    3/16( 18%)      3/16( 18%)     0/16(  0%)
C:      10/ 96( 10%)     2/ 48(  4%)     5/ 48( 10%)    4/16( 25%)      5/16( 31%)     0/16(  0%)


Column FastTrack Interconnect:

         FastTrack                                 
Column  Interconnect    Input Pins     Output Pins     Bidir Pins
01:      1/24(  4%)     0/4(  0%)      1/4( 25%)       0/4(  0%)
02:      2/24(  8%)     1/4( 25%)      1/4( 25%)       0/4(  0%)
03:      0/24(  0%)     0/4(  0%)      0/4(  0%)       0/4(  0%)
04:      0/24(  0%)     0/4(  0%)      0/4(  0%)       0/4(  0%)
05:      0/24(  0%)     0/4(  0%)      0/4(  0%)       0/4(  0%)
06:      0/24(  0%)     0/4(  0%)      0/4(  0%)       0/4(  0%)
07:      0/24(  0%)     0/4(  0%)      0/4(  0%)       0/4(  0%)
08:      0/24(  0%)     0/4(  0%)      0/4(  0%)       0/4(  0%)
09:      0/24(  0%)     0/4(  0%)      0/4(  0%)       0/4(  0%)
10:      0/24(  0%)     0/4(  0%)      0/4(  0%)       0/4(  0%)
11:      0/24(  0%)     0/4(  0%)      0/4(  0%)       0/4(  0%)
12:      0/24(  0%)     0/4(  0%)      0/4(  0%)       0/4(  0%)
13:      1/24(  4%)     0/4(  0%)      1/4( 25%)       0/4(  0%)
14:      0/24(  0%)     0/4(  0%)      0/4(  0%)       0/4(  0%)
15:      0/24(  0%)     0/4(  0%)      0/4(  0%)       0/4(  0%)
16:      1/24(  4%)     0/4(  0%)      0/4(  0%)       0/4(  0%)
17:      0/24(  0%)     0/4(  0%)      0/4(  0%)       0/4(  0%)
18:      0/24(  0%)     0/4(  0%)      0/4(  0%)       0/4(  0%)
19:      1/24(  4%)     1/4( 25%)      0/4(  0%)       0/4(  0%)
20:      0/24(  0%)     0/4(  0%)      0/4(  0%)       0/4(  0%)
21:      0/24(  0%)     0/4(  0%)      0/4(  0%)       0/4(  0%)
22:      0/24(  0%)     0/4(  0%)      0/4(  0%)       0/4(  0%)
23:      0/24(  0%)     0/4(  0%)      0/4(  0%)       0/4(  0%)
24:      2/24(  8%)     0/4(  0%)      0/4(  0%)       0/4(  0%)
EA:      0/24(  0%)     0/4(  0%)      0/4(  0%)       0/4(  0%)


Device-Specific Information:                      d:\_project max pluss\dr.rpt
dr

** CLOCK SIGNALS **

Type     Fan-out       Name
INPUT       16         clk


Device-Specific Information:                      d:\_project max pluss\dr.rpt
dr

** EQUATIONS **

a0       : INPUT;
a1       : INPUT;
a2       : INPUT;
a3       : INPUT;
a4       : INPUT;
a5       : INPUT;
a6       : INPUT;
a7       : INPUT;
a8       : INPUT;
a9       : INPUT;
a10      : INPUT;
a11      : INPUT;
a12      : INPUT;
a13      : INPUT;
a14      : INPUT;
a15      : INPUT;
clear    : INPUT;
clk      : INPUT;
inr      : INPUT;
load     : INPUT;

-- Node name is 'q0' 
-- Equation name is 'q0', type is output 
q0       =  _LC5_C1;

-- Node name is 'q1' 
-- Equation name is 'q1', type is output 
q1       =  _LC1_C1;

-- Node name is 'q2' 
-- Equation name is 'q2', type is output 
q2       =  _LC4_C1;

-- Node name is 'q3' 
-- Equation name is 'q3', type is output 
q3       =  _LC1_C14;

-- Node name is 'q4' 
-- Equation name is 'q4', type is output 
q4       =  _LC2_C14;

-- Node name is 'q5' 
-- Equation name is 'q5', type is output 
q5       =  _LC5_C14;

-- Node name is 'q6' 
-- Equation name is 'q6', type is output 
q6       =  _LC7_C24;

-- Node name is 'q7' 
-- Equation name is 'q7', type is output 
q7       =  _LC4_C24;

-- Node name is 'q8' 
-- Equation name is 'q8', type is output 
q8       =  _LC3_B23;

-- Node name is 'q9' 
-- Equation name is 'q9', type is output 
q9       =  _LC1_B23;

-- Node name is 'q10' 
-- Equation name is 'q10', type is output 
q10      =  _LC7_B23;

-- Node name is 'q11' 
-- Equation name is 'q11', type is output 
q11      =  _LC1_A22;

-- Node name is 'q12' 
-- Equation name is 'q12', type is output 
q12      =  _LC2_A22;

-- Node name is 'q13' 
-- Equation name is 'q13', type is output 
q13      =  _LC8_A22;

-- Node name is 'q14' 
-- Equation name is 'q14', type is output 
q14      =  _LC2_A20;

-- Node name is 'q15' 
-- Equation name is 'q15', type is output 
q15      =  _LC8_A20;

-- Node name is '|4bitregister:1|D:50|lpm_ff:lpm_ff_component|dffs0' from file "lpm_ff.tdf" line 58, column 6
-- Equation name is '_LC5_C1', type is buried 
_LC5_C1  = DFFE( _EQ001, GLOBAL( clk),  VCC,  VCC,  _LC2_C15);
  _EQ001 = !clear &  _LC2_C1;

-- Node name is '|4bitregister:1|D:51|lpm_ff:lpm_ff_component|dffs0' from file "lpm_ff.tdf" line 58, column 6
-- Equation name is '_LC1_C1', type is buried 
_LC1_C1  = DFFE( _EQ002, GLOBAL( clk),  VCC,  VCC,  _LC2_C15);
  _EQ002 = !clear &  _LC8_C1;

-- Node name is '|4bitregister:1|D:52|lpm_ff:lpm_ff_component|dffs0' from file "lpm_ff.tdf" line 58, column 6
-- Equation name is '_LC4_C1', type is buried 
_LC4_C1  = DFFE( _EQ003, GLOBAL( clk),  VCC,  VCC,  _LC2_C15);
  _EQ003 = !clear &  _LC6_C1;

-- Node name is '|4bitregister:1|D:53|lpm_ff:lpm_ff_component|dffs0' from file "lpm_ff.tdf" line 58, column 6
-- Equation name is '_LC1_C14', type is buried 
_LC1_C14 = DFFE( _EQ004, GLOBAL( clk),  VCC,  VCC,  _LC2_C15);
  _EQ004 = !clear &  _LC3_C14;

-- Node name is '|4bitregister:1|ha:59|:4' = '|4bitregister:1|ha:59|c' 
-- Equation name is '_LC3_C1', type is buried 
_LC3_C1  = LCELL( _EQ005);
  _EQ005 =  inr &  _LC1_C1 &  _LC5_C1;

-- Node name is '|4bitregister:1|ha:60|:4' = '|4bitregister:1|ha:60|c' 
-- Equation name is '_LC7_C1', type is buried 
_LC7_C1  = LCELL( _EQ006);
  _EQ006 =  inr &  _LC1_C1 &  _LC4_C1 &  _LC5_C1;

-- Node name is '|4bitregister:1|mux2x1:54|:8' = '|4bitregister:1|mux2x1:54|O' 
-- Equation name is '_LC2_C1', type is buried 
_LC2_C1  = LCELL( _EQ007);
  _EQ007 =  inr & !_LC5_C1
         #  a0 & !inr;

-- Node name is '|4bitregister:1|mux2x1:55|:8' = '|4bitregister:1|mux2x1:55|O' 
-- Equation name is '_LC8_C1', type is buried 
_LC8_C1  = LCELL( _EQ008);
  _EQ008 =  inr &  _LC1_C1 & !_LC5_C1
         #  inr & !_LC1_C1 &  _LC5_C1
         #  a1 & !inr;

-- Node name is '|4bitregister:1|mux2x1:56|:8' = '|4bitregister:1|mux2x1:56|O' 
-- Equation name is '_LC6_C1', type is buried 
_LC6_C1  = LCELL( _EQ009);
  _EQ009 =  inr & !_LC3_C1 &  _LC4_C1
         #  inr &  _LC3_C1 & !_LC4_C1
         #  a2 & !inr;

-- Node name is '|4bitregister:1|mux2x1:57|:8' = '|4bitregister:1|mux2x1:57|O' 
-- Equation name is '_LC3_C14', type is buried 
_LC3_C14 = LCELL( _EQ010);
  _EQ010 =  inr &  _LC1_C14 & !_LC7_C1
         #  inr & !_LC1_C14 &  _LC7_C1
         #  a3 & !inr;

-- Node name is '|4bitregister:1|:49' 
-- Equation name is '_LC2_C15', type is buried 
_LC2_C15 = LCELL( _EQ011);
  _EQ011 =  inr
         #  load;

-- Node name is '|4bitregister:2|D:50|lpm_ff:lpm_ff_component|dffs0' from file "lpm_ff.tdf" line 58, column 6
-- Equation name is '_LC2_C14', type is buried 
_LC2_C14 = DFFE( _EQ012, GLOBAL( clk),  VCC,  VCC,  _LC2_C24);
  _EQ012 = !clear &  _LC6_C14;

-- Node name is '|4bitregister:2|D:51|lpm_ff:lpm_ff_component|dffs0' from file "lpm_ff.tdf" line 58, column 6
-- Equation name is '_LC5_C14', type is buried 
_LC5_C14 = DFFE( _EQ013, GLOBAL( clk),  VCC,  VCC,  _LC2_C24);
  _EQ013 = !clear &  _LC7_C14
         # !clear &  _LC8_C14;

-- Node name is '|4bitregister:2|D:52|lpm_ff:lpm_ff_component|dffs0' from file "lpm_ff.tdf" line 58, column 6
-- Equation name is '_LC7_C24', type is buried 
_LC7_C24 = DFFE( _EQ014, GLOBAL( clk),  VCC,  VCC,  _LC2_C24);
  _EQ014 = !clear &  _LC3_C24
         # !clear &  _LC5_C24;

-- Node name is '|4bitregister:2|D:53|lpm_ff:lpm_ff_component|dffs0' from file "lpm_ff.tdf" line 58, column 6
-- Equation name is '_LC4_C24', type is buried 
_LC4_C24 = DFFE( _EQ015, GLOBAL( clk),  VCC,  VCC,  _LC2_C24);
  _EQ015 = !clear &  _LC8_C24;

-- Node name is '|4bitregister:2|ha:59|:4' = '|4bitregister:2|ha:59|c' 
-- Equation name is '_LC4_C14', type is buried 
_LC4_C14 = LCELL( _EQ016);
  _EQ016 =  _LC1_C14 &  _LC2_C14 &  _LC5_C14 &  _LC7_C1;

-- Node name is '|4bitregister:2|ha:61|:4' = '|4bitregister:2|ha:61|c' 
-- Equation name is '_LC1_C24', type is buried 
_LC1_C24 = LCELL( _EQ017);
  _EQ017 =  _LC4_C14 &  _LC4_C24 &  _LC7_C24;

-- Node name is '|4bitregister:2|ha:61|:3' = '|4bitregister:2|ha:61|S' 
-- Equation name is '_LC6_C24', type is buried 
_LC6_C24 = LCELL( _EQ018);
  _EQ018 =  _LC4_C24 & !_LC7_C24
         # !_LC4_C14 &  _LC4_C24
         #  _LC4_C14 & !_LC4_C24 &  _LC7_C24;

-- Node name is '|4bitregister:2|mux2x1:54|:8' = '|4bitregister:2|mux2x1:54|O' 
-- Equation name is '_LC6_C14', type is buried 
_LC6_C14 = LCELL( _EQ019);
  _EQ019 =  a4 & !_LC1_C14
         #  a4 & !_LC7_C1
         #  _LC1_C14 & !_LC2_C14 &  _LC7_C1;

-- Node name is '|4bitregister:2|mux2x1:55|:5' 
-- Equation name is '_LC8_C14', type is buried 
_LC8_C14 = LCELL( _EQ020);
  _EQ020 =  a5 & !_LC1_C14
         #  a5 & !_LC7_C1;

-- Node name is '|4bitregister:2|mux2x1:55|:6' 
-- Equation name is '_LC7_C14', type is buried 
_LC7_C14 = LCELL( _EQ021);
  _EQ021 =  _LC1_C14 & !_LC2_C14 &  _LC5_C14 &  _LC7_C1
         #  _LC1_C14 &  _LC2_C14 & !_LC5_C14 &  _LC7_C1;

-- Node name is '|4bitregister:2|mux2x1:56|:5' 
-- Equation name is '_LC5_C24', type is buried 
_LC5_C24 = LCELL( _EQ022);
  _EQ022 =  a6 & !_LC1_C14
         #  a6 & !_LC7_C1;

-- Node name is '|4bitregister:2|mux2x1:56|:6' 
-- Equation name is '_LC3_C24', type is buried 
_LC3_C24 = LCELL( _EQ023);
  _EQ023 =  _LC1_C14 & !_LC4_C14 &  _LC7_C1 &  _LC7_C24
         #  _LC1_C14 &  _LC4_C14 &  _LC7_C1 & !_LC7_C24;

-- Node name is '|4bitregister:2|mux2x1:57|:8' = '|4bitregister:2|mux2x1:57|O' 
-- Equation name is '_LC8_C24', type is buried 
_LC8_C24 = LCELL( _EQ024);
  _EQ024 =  _LC1_C14 &  _LC6_C24 &  _LC7_C1
         #  a7 & !_LC1_C14
         #  a7 & !_LC7_C1;

-- Node name is '|4bitregister:2|:49' 
-- Equation name is '_LC2_C24', type is buried 
_LC2_C24 = LCELL( _EQ025);
  _EQ025 =  _LC1_C14 &  _LC7_C1
         #  load;

-- Node name is '|4bitregister:3|D:50|lpm_ff:lpm_ff_component|dffs0' from file "lpm_ff.tdf" line 58, column 6
-- Equation name is '_LC3_B23', type is buried 
_LC3_B23 = DFFE( _EQ026, GLOBAL( clk),  VCC,  VCC,  _LC1_C15);
  _EQ026 = !clear &  _LC4_B23;

-- Node name is '|4bitregister:3|D:51|lpm_ff:lpm_ff_component|dffs0' from file "lpm_ff.tdf" line 58, column 6
-- Equation name is '_LC1_B23', type is buried 
_LC1_B23 = DFFE( _EQ027, GLOBAL( clk),  VCC,  VCC,  _LC1_C15);
  _EQ027 = !clear &  _LC8_B23;

-- Node name is '|4bitregister:3|D:52|lpm_ff:lpm_ff_component|dffs0' from file "lpm_ff.tdf" line 58, column 6
-- Equation name is '_LC7_B23', type is buried 
_LC7_B23 = DFFE( _EQ028, GLOBAL( clk),  VCC,  VCC,  _LC1_C15);
  _EQ028 = !clear &  _LC6_B23;

-- Node name is '|4bitregister:3|D:53|lpm_ff:lpm_ff_component|dffs0' from file "lpm_ff.tdf" line 58, column 6
-- Equation name is '_LC1_A22', type is buried 
_LC1_A22 = DFFE( _EQ029, GLOBAL( clk),  VCC,  VCC,  _LC1_C15);
  _EQ029 = !clear &  _LC3_A22;

-- Node name is '|4bitregister:3|ha:59|:4' = '|4bitregister:3|ha:59|c' 
-- Equation name is '_LC5_B23', type is buried 
_LC5_B23 = LCELL( _EQ030);
  _EQ030 =  _LC1_B23 &  _LC1_C24 &  _LC3_B23;

-- Node name is '|4bitregister:3|ha:60|:4' = '|4bitregister:3|ha:60|c' 
-- Equation name is '_LC2_B23', type is buried 
_LC2_B23 = LCELL( _EQ031);
  _EQ031 =  _LC1_B23 &  _LC1_C24 &  _LC3_B23 &  _LC7_B23;

-- Node name is '|4bitregister:3|mux2x1:54|:8' = '|4bitregister:3|mux2x1:54|O' 
-- Equation name is '_LC4_B23', type is buried 
_LC4_B23 = LCELL( _EQ032);
  _EQ032 =  _LC1_C24 & !_LC3_B23
         #  a8 & !_LC1_C24;

-- Node name is '|4bitregister:3|mux2x1:55|:8' = '|4bitregister:3|mux2x1:55|O' 
-- Equation name is '_LC8_B23', type is buried 
_LC8_B23 = LCELL( _EQ033);
  _EQ033 =  a9 & !_LC1_C24
         #  _LC1_B23 &  _LC1_C24 & !_LC3_B23
         # !_LC1_B23 &  _LC1_C24 &  _LC3_B23;

-- Node name is '|4bitregister:3|mux2x1:56|:8' = '|4bitregister:3|mux2x1:56|O' 
-- Equation name is '_LC6_B23', type is buried 
_LC6_B23 = LCELL( _EQ034);
  _EQ034 =  _LC1_C24 & !_LC5_B23 &  _LC7_B23
         #  _LC1_C24 &  _LC5_B23 & !_LC7_B23
         #  a10 & !_LC1_C24;

-- Node name is '|4bitregister:3|mux2x1:57|:8' = '|4bitregister:3|mux2x1:57|O' 
-- Equation name is '_LC3_A22', type is buried 
_LC3_A22 = LCELL( _EQ035);
  _EQ035 =  _LC1_A22 &  _LC1_C24 & !_LC2_B23
         # !_LC1_A22 &  _LC1_C24 &  _LC2_B23
         #  a11 & !_LC1_C24;

-- Node name is '|4bitregister:3|:49' 
-- Equation name is '_LC1_C15', type is buried 
_LC1_C15 = LCELL( _EQ036);
  _EQ036 =  _LC1_C24
         #  load;

-- Node name is '|4bitregister:4|D:50|lpm_ff:lpm_ff_component|dffs0' from file "lpm_ff.tdf" line 58, column 6
-- Equation name is '_LC2_A22', type is buried 
_LC2_A22 = DFFE( _EQ037, GLOBAL( clk),  VCC,  VCC,  _LC3_A20);
  _EQ037 = !clear &  _LC6_A22;

-- Node name is '|4bitregister:4|D:51|lpm_ff:lpm_ff_component|dffs0' from file "lpm_ff.tdf" line 58, column 6
-- Equation name is '_LC8_A22', type is buried 
_LC8_A22 = DFFE( _EQ038, GLOBAL( clk),  VCC,  VCC,  _LC3_A20);
  _EQ038 = !clear &  _LC4_A22
         # !clear &  _LC5_A22;

-- Node name is '|4bitregister:4|D:52|lpm_ff:lpm_ff_component|dffs0' from file "lpm_ff.tdf" line 58, column 6
-- Equation name is '_LC2_A20', type is buried 
_LC2_A20 = DFFE( _EQ039, GLOBAL( clk),  VCC,  VCC,  _LC3_A20);
  _EQ039 = !clear &  _LC5_A20
         # !clear &  _LC6_A20;

-- Node name is '|4bitregister:4|D:53|lpm_ff:lpm_ff_component|dffs0' from file "lpm_ff.tdf" line 58, column 6
-- Equation name is '_LC8_A20', type is buried 
_LC8_A20 = DFFE( _EQ040, GLOBAL( clk),  VCC,  VCC,  _LC3_A20);
  _EQ040 = !clear &  _LC4_A20;

-- Node name is '|4bitregister:4|ha:59|:4' = '|4bitregister:4|ha:59|c' 
-- Equation name is '_LC7_A22', type is buried 
_LC7_A22 = LCELL( _EQ041);
  _EQ041 =  _LC1_A22 &  _LC2_A22 &  _LC2_B23 &  _LC8_A22;

-- Node name is '|4bitregister:4|ha:61|:3' = '|4bitregister:4|ha:61|S' 
-- Equation name is '_LC1_A20', type is buried 
_LC1_A20 = LCELL( _EQ042);
  _EQ042 = !_LC2_A20 &  _LC8_A20
         # !_LC7_A22 &  _LC8_A20
         #  _LC2_A20 &  _LC7_A22 & !_LC8_A20;

-- Node name is '|4bitregister:4|mux2x1:54|:8' = '|4bitregister:4|mux2x1:54|O' 
-- Equation name is '_LC6_A22', type is buried 
_LC6_A22 = LCELL( _EQ043);
  _EQ043 =  a12 & !_LC1_A22
         #  a12 & !_LC2_B23
         #  _LC1_A22 & !_LC2_A22 &  _LC2_B23;

-- Node name is '|4bitregister:4|mux2x1:55|:5' 
-- Equation name is '_LC5_A22', type is buried 
_LC5_A22 = LCELL( _EQ044);
  _EQ044 =  a13 & !_LC1_A22
         #  a13 & !_LC2_B23;

-- Node name is '|4bitregister:4|mux2x1:55|:6' 
-- Equation name is '_LC4_A22', type is buried 
_LC4_A22 = LCELL( _EQ045);
  _EQ045 =  _LC1_A22 &  _LC2_A22 &  _LC2_B23 & !_LC8_A22
         #  _LC1_A22 & !_LC2_A22 &  _LC2_B23 &  _LC8_A22;

-- Node name is '|4bitregister:4|mux2x1:56|:5' 
-- Equation name is '_LC6_A20', type is buried 
_LC6_A20 = LCELL( _EQ046);
  _EQ046 =  a14 & !_LC1_A22
         #  a14 & !_LC2_B23;

-- Node name is '|4bitregister:4|mux2x1:56|:6' 
-- Equation name is '_LC5_A20', type is buried 
_LC5_A20 = LCELL( _EQ047);
  _EQ047 =  _LC1_A22 &  _LC2_A20 &  _LC2_B23 & !_LC7_A22
         #  _LC1_A22 & !_LC2_A20 &  _LC2_B23 &  _LC7_A22;

-- Node name is '|4bitregister:4|mux2x1:57|:8' = '|4bitregister:4|mux2x1:57|O' 
-- Equation name is '_LC4_A20', type is buried 
_LC4_A20 = LCELL( _EQ048);
  _EQ048 =  _LC1_A20 &  _LC1_A22 &  _LC2_B23
         #  a15 & !_LC1_A22
         #  a15 & !_LC2_B23;

-- Node name is '|4bitregister:4|:49' 
-- Equation name is '_LC3_A20', type is buried 
_LC3_A20 = LCELL( _EQ049);
  _EQ049 =  _LC1_A22 &  _LC2_B23
         #  load;



Project Information                               d:\_project max pluss\dr.rpt

** COMPILATION SETTINGS & TIMES **

Processing Menu Commands
------------------------

Design Doctor                             = off

Logic Synthesis:

   Synthesis Type Used                    = Multi-Level

   Default Synthesis Style                = NORMAL

      Logic option settings in 'NORMAL' style for 'ACEX1K' family

      CARRY_CHAIN                         = ignore
      CARRY_CHAIN_LENGTH                  = 32
      CASCADE_CHAIN                       = ignore
      CASCADE_CHAIN_LENGTH                = 2
      DECOMPOSE_GATES                     = on
      DUPLICATE_LOGIC_EXTRACTION          = on
      MINIMIZATION                        = full
      MULTI_LEVEL_FACTORING               = on
      NOT_GATE_PUSH_BACK                  = on
      REDUCE_LOGIC                        = on
      REFACTORIZATION                     = on
      REGISTER_OPTIMIZATION               = on
      RESYNTHESIZE_NETWORK                = on
      SLOW_SLEW_RATE                      = off
      SUBFACTOR_EXTRACTION                = on
      IGNORE_SOFT_BUFFERS                 = on
      USE_LPM_FOR_AHDL_OPERATORS          = off

   Other logic synthesis settings:

      Automatic Global Clock              = on
      Automatic Global Clear              = on
      Automatic Global Preset             = on
      Automatic Global Output Enable      = on
      Automatic Fast I/O                  = off
      Automatic Register Packing          = off
      Automatic Open-Drain Pins           = on
      Automatic Implement in EAB          = off
      Optimize                            = 5

Default Timing Specifications: None

Cut All Bidir Feedback Timing Paths       = on
Cut All Clear & Preset Timing Paths       = on

Ignore Timing Assignments                 = off

Functional SNF Extractor                  = off

Linked SNF Extractor                      = off
Timing SNF Extractor                      = on
Optimize Timing SNF                       = off
Generate AHDL TDO File                    = off
Fitter Settings                           = NORMAL
Use Quartus Fitter                        = on
Smart Recompile                           = off
Total Recompile                           = off

Interfaces Menu Commands
------------------------

EDIF Netlist Writer                       = off
Verilog Netlist Writer                    = off
VHDL Netlist Writer                       = off

Compilation Times
-----------------

   Compiler Netlist Extractor             00:00:00
   Database Builder                       00:00:00
   Logic Synthesizer                      00:00:00
   Partitioner                            00:00:00
   Fitter                                 00:00:00
   Timing SNF Extractor                   00:00:00
   Assembler                              00:00:00
   --------------------------             --------
   Total Time                             00:00:00


Memory Allocated
-----------------

Peak memory allocated during compilation  = 15,513K
