Project Informationc:\users\admin\documents\github\_project-max-pluss\extractor16.rpt

MAX+plus II Compiler Report File
Version 10.2 07/10/2002
Compiled: 01/24/2023 10:51:05

Copyright (C) 1988-2002 Altera Corporation
Any megafunction design, and related net list (encrypted or decrypted),
support information, device programming or simulation file, and any other
associated documentation or information provided by Altera or a partner
under Altera's Megafunction Partnership Program may be used only to
program PLD devices (but not masked PLD devices) from Altera.  Any other
use of such megafunction design, net list, support information, device
programming or simulation file, or any other related documentation or
information is prohibited for any other purpose, including, but not
limited to modification, reverse engineering, de-compiling, or use with
any other silicon devices, unless such use is explicitly licensed under
a separate agreement with Altera or a megafunction partner.  Title to
the intellectual property, including patents, copyrights, trademarks,
trade secrets, or maskworks, embodied in any such megafunction design,
net list, support information, device programming or simulation file, or
any other related documentation or information provided by Altera or a
megafunction partner, remains with Altera, the megafunction partner, or
their respective licensors.  No other licenses, including any licenses
needed under any third party's intellectual property, are provided herein.



***** Project compilation was successful




** DEVICE SUMMARY **

Chip/                     Input   Output   Bidir         Shareable
POF       Device          Pins    Pins     Pins     LCs  Expanders  % Utilized

extractor16
      EPM7032LC44-6        16       16       0      16      0           50 %

User Pins:                 16       16       0  



Device-Specific Information:c:\users\admin\documents\github\_project-max-pluss\extractor16.rpt
extractor16

***** Logic for device 'extractor16' compiled without errors.




Device: EPM7032LC44-6

Device Options:
    Turbo Bit                                    = ON
    Security Bit                                 = OFF



Device-Specific Information:c:\users\admin\documents\github\_project-max-pluss\extractor16.rpt
extractor16

** ERROR SUMMARY **

Info: Chip 'extractor16' in device 'EPM7032LC44-6' has less than 20% of pins available for future logic changes -- if your project is likely to change, Altera recommends using a larger device
          i  i                             
          n  n  i  V  G  G  G  G  G        
          1  1  n  C  N  N  N  N  N  o  o  
          4  5  0  C  D  D  D  D  D  5  6  
        -----------------------------------_ 
      /   6  5  4  3  2  1 44 43 42 41 40   | 
in13 |  7                                39 | o12 
in12 |  8                                38 | o7 
in11 |  9                                37 | o8 
 GND | 10                                36 | o11 
in10 | 11                                35 | VCC 
 in9 | 12         EPM7032LC44-6          34 | o9 
 in8 | 13                                33 | o13 
 in7 | 14                                32 | o4 
 VCC | 15                                31 | o10 
 in6 | 16                                30 | GND 
 in5 | 17                                29 | o3 
     |_  18 19 20 21 22 23 24 25 26 27 28  _| 
       ------------------------------------ 
          i  i  i  i  G  V  o  o  o  o  o  
          n  n  n  n  N  C  1  1  0  2  1  
          4  3  2  1  D  C     5        4  
                                           


N.C. = No Connect. This pin has no internal connection to the device.
VCC = Dedicated power pin, which MUST be connected to VCC.
GND = Dedicated ground pin or unused dedicated input, which MUST be connected to GND.
RESERVED = Unused I/O pin, which MUST be left unconnected.



Device-Specific Information:c:\users\admin\documents\github\_project-max-pluss\extractor16.rpt
extractor16

** RESOURCE USAGE **

                                                Shareable     External
Logic Array Block     Logic Cells   I/O Pins    Expanders   Interconnect

A:     LC1 - LC16     0/16(  0%)  16/16(100%)   0/16(  0%)   0/36(  0%) 
B:    LC17 - LC32    16/16(100%)  16/16(100%)   0/16(  0%)  16/36( 44%) 


Total dedicated input pins used:                 0/4      (  0%)
Total I/O pins used:                            32/32     (100%)
Total logic cells used:                         16/32     ( 50%)
Total shareable expanders used:                  0/32     (  0%)
Total Turbo logic cells used:                   16/32     ( 50%)
Total shareable expanders not available (n/a):   0/32     (  0%)
Average fan-in:                                  1.00
Total fan-in:                                    16

Total input pins required:                      16
Total output pins required:                     16
Total bidirectional pins required:               0
Total logic cells required:                     16
Total flipflops required:                        0
Total product terms required:                   16
Total logic cells lending parallel expanders:    0
Total shareable expanders in database:           0

Synthesized logic cells:                         0/  32   (  0%)



Device-Specific Information:c:\users\admin\documents\github\_project-max-pluss\extractor16.rpt
extractor16

** INPUTS **

                                         Shareable
                                         Expanders     Fan-In    Fan-Out
 Pin     LC  LAB  Primitive    Code   Total Shared n/a INP  FBK  OUT  FBK  Name
   4    (1)  (A)      INPUT               0      0   0    0    0    1    0  in0
  21   (16)  (A)      INPUT               0      0   0    0    0    1    0  in1
  20   (15)  (A)      INPUT               0      0   0    0    0    1    0  in2
  19   (14)  (A)      INPUT               0      0   0    0    0    1    0  in3
  18   (13)  (A)      INPUT               0      0   0    0    0    1    0  in4
  17   (12)  (A)      INPUT               0      0   0    0    0    1    0  in5
  16   (11)  (A)      INPUT               0      0   0    0    0    1    0  in6
  14   (10)  (A)      INPUT               0      0   0    0    0    1    0  in7
  13    (9)  (A)      INPUT               0      0   0    0    0    1    0  in8
  12    (8)  (A)      INPUT               0      0   0    0    0    1    0  in9
  11    (7)  (A)      INPUT               0      0   0    0    0    1    0  in10
   9    (6)  (A)      INPUT               0      0   0    0    0    1    0  in11
   8    (5)  (A)      INPUT               0      0   0    0    0    1    0  in12
   7    (4)  (A)      INPUT               0      0   0    0    0    1    0  in13
   6    (3)  (A)      INPUT               0      0   0    0    0    1    0  in14
   5    (2)  (A)      INPUT               0      0   0    0    0    1    0  in15


Code:

s = Synthesized pin or logic cell
t = Turbo logic cell
+ = Synchronous flipflop
! = NOT gate push-back
r = Fitter-inserted logic cell


Device-Specific Information:c:\users\admin\documents\github\_project-max-pluss\extractor16.rpt
extractor16

** OUTPUTS **

                                         Shareable
                                         Expanders     Fan-In    Fan-Out
 Pin     LC  LAB  Primitive    Code   Total Shared n/a INP  FBK  OUT  FBK  Name
  26     30    B     OUTPUT      t        0      0   0    1    0    0    0  o0
  24     32    B     OUTPUT      t        0      0   0    1    0    0    0  o1
  27     29    B     OUTPUT      t        0      0   0    1    0    0    0  o2
  29     27    B     OUTPUT      t        0      0   0    1    0    0    0  o3
  32     25    B     OUTPUT      t        0      0   0    1    0    0    0  o4
  41     17    B     OUTPUT      t        0      0   0    1    0    0    0  o5
  40     18    B     OUTPUT      t        0      0   0    1    0    0    0  o6
  38     20    B     OUTPUT      t        0      0   0    1    0    0    0  o7
  37     21    B     OUTPUT      t        0      0   0    1    0    0    0  o8
  34     23    B     OUTPUT      t        0      0   0    1    0    0    0  o9
  31     26    B     OUTPUT      t        0      0   0    1    0    0    0  o10
  36     22    B     OUTPUT      t        0      0   0    1    0    0    0  o11
  39     19    B     OUTPUT      t        0      0   0    1    0    0    0  o12
  33     24    B     OUTPUT      t        0      0   0    1    0    0    0  o13
  28     28    B     OUTPUT      t        0      0   0    1    0    0    0  o14
  25     31    B     OUTPUT      t        0      0   0    1    0    0    0  o15


Code:

s = Synthesized pin or logic cell
t = Turbo logic cell
+ = Synchronous flipflop
! = NOT gate push-back
r = Fitter-inserted logic cell


Device-Specific Information:c:\users\admin\documents\github\_project-max-pluss\extractor16.rpt
extractor16

** LOGIC CELL INTERCONNECTIONS **

Logic Array Block 'B':

                                         Logic cells placed in LAB 'B'
        +------------------------------- LC30 o0
        | +----------------------------- LC32 o1
        | | +--------------------------- LC29 o2
        | | | +------------------------- LC27 o3
        | | | | +----------------------- LC25 o4
        | | | | | +--------------------- LC17 o5
        | | | | | | +------------------- LC18 o6
        | | | | | | | +----------------- LC20 o7
        | | | | | | | | +--------------- LC21 o8
        | | | | | | | | | +------------- LC23 o9
        | | | | | | | | | | +----------- LC26 o10
        | | | | | | | | | | | +--------- LC22 o11
        | | | | | | | | | | | | +------- LC19 o12
        | | | | | | | | | | | | | +----- LC24 o13
        | | | | | | | | | | | | | | +--- LC28 o14
        | | | | | | | | | | | | | | | +- LC31 o15
        | | | | | | | | | | | | | | | | 
        | | | | | | | | | | | | | | | |   Other LABs fed by signals
        | | | | | | | | | | | | | | | |   that feed LAB 'B'
LC      | | | | | | | | | | | | | | | | | A B |     Logic cells that feed LAB 'B':

Pin
4    -> * - - - - - - - - - - - - - - - | - * | <-- in0
21   -> - * - - - - - - - - - - - - - - | - * | <-- in1
20   -> - - * - - - - - - - - - - - - - | - * | <-- in2
19   -> - - - * - - - - - - - - - - - - | - * | <-- in3
18   -> - - - - * - - - - - - - - - - - | - * | <-- in4
17   -> - - - - - * - - - - - - - - - - | - * | <-- in5
16   -> - - - - - - * - - - - - - - - - | - * | <-- in6
14   -> - - - - - - - * - - - - - - - - | - * | <-- in7
13   -> - - - - - - - - * - - - - - - - | - * | <-- in8
12   -> - - - - - - - - - * - - - - - - | - * | <-- in9
11   -> - - - - - - - - - - * - - - - - | - * | <-- in10
9    -> - - - - - - - - - - - * - - - - | - * | <-- in11
8    -> - - - - - - - - - - - - * - - - | - * | <-- in12
7    -> - - - - - - - - - - - - - * - - | - * | <-- in13
6    -> - - - - - - - - - - - - - - * - | - * | <-- in14
5    -> - - - - - - - - - - - - - - - * | - * | <-- in15


* = The logic cell or pin is an input to the logic cell (or LAB) through the PIA.
- = The logic cell or pin is not an input to the logic cell (or LAB).


Device-Specific Information:c:\users\admin\documents\github\_project-max-pluss\extractor16.rpt
extractor16

** EQUATIONS **

in0      : INPUT;
in1      : INPUT;
in2      : INPUT;
in3      : INPUT;
in4      : INPUT;
in5      : INPUT;
in6      : INPUT;
in7      : INPUT;
in8      : INPUT;
in9      : INPUT;
in10     : INPUT;
in11     : INPUT;
in12     : INPUT;
in13     : INPUT;
in14     : INPUT;
in15     : INPUT;

-- Node name is 'o0' 
-- Equation name is 'o0', location is LC030, type is output.
 o0      = LCELL( in0 $  GND);

-- Node name is 'o1' 
-- Equation name is 'o1', location is LC032, type is output.
 o1      = LCELL( in1 $  GND);

-- Node name is 'o2' 
-- Equation name is 'o2', location is LC029, type is output.
 o2      = LCELL( in2 $  GND);

-- Node name is 'o3' 
-- Equation name is 'o3', location is LC027, type is output.
 o3      = LCELL( in3 $  GND);

-- Node name is 'o4' 
-- Equation name is 'o4', location is LC025, type is output.
 o4      = LCELL( in4 $  GND);

-- Node name is 'o5' 
-- Equation name is 'o5', location is LC017, type is output.
 o5      = LCELL( in5 $  GND);

-- Node name is 'o6' 
-- Equation name is 'o6', location is LC018, type is output.
 o6      = LCELL( in6 $  GND);

-- Node name is 'o7' 
-- Equation name is 'o7', location is LC020, type is output.
 o7      = LCELL( in7 $  GND);

-- Node name is 'o8' 
-- Equation name is 'o8', location is LC021, type is output.
 o8      = LCELL( in8 $  GND);

-- Node name is 'o9' 
-- Equation name is 'o9', location is LC023, type is output.
 o9      = LCELL( in9 $  GND);

-- Node name is 'o10' 
-- Equation name is 'o10', location is LC026, type is output.
 o10     = LCELL( in10 $  GND);

-- Node name is 'o11' 
-- Equation name is 'o11', location is LC022, type is output.
 o11     = LCELL( in11 $  GND);

-- Node name is 'o12' 
-- Equation name is 'o12', location is LC019, type is output.
 o12     = LCELL( in12 $  GND);

-- Node name is 'o13' 
-- Equation name is 'o13', location is LC024, type is output.
 o13     = LCELL( in13 $  GND);

-- Node name is 'o14' 
-- Equation name is 'o14', location is LC028, type is output.
 o14     = LCELL( in14 $  GND);

-- Node name is 'o15' 
-- Equation name is 'o15', location is LC031, type is output.
 o15     = LCELL( in15 $  GND);



--     Shareable expanders that are duplicated in multiple LABs:
--     (none)




Project Informationc:\users\admin\documents\github\_project-max-pluss\extractor16.rpt

** COMPILATION SETTINGS & TIMES **

Processing Menu Commands
------------------------

Design Doctor                             = off

Logic Synthesis:

   Synthesis Type Used                    = Standard

   Default Synthesis Style                = NORMAL

      Logic option settings in 'NORMAL' style for 'MAX7000' family

      DECOMPOSE_GATES                     = on
      DUPLICATE_LOGIC_EXTRACTION          = on
      MINIMIZATION                        = full
      MULTI_LEVEL_FACTORING               = on
      NOT_GATE_PUSH_BACK                  = on
      PARALLEL_EXPANDERS                  = off
      REDUCE_LOGIC                        = on
      REFACTORIZATION                     = on
      REGISTER_OPTIMIZATION               = on
      RESYNTHESIZE_NETWORK                = on
      SLOW_SLEW_RATE                      = off
      SOFT_BUFFER_INSERTION               = on
      SUBFACTOR_EXTRACTION                = on
      TURBO_BIT                           = on
      XOR_SYNTHESIS                       = on
      IGNORE_SOFT_BUFFERS                 = off
      USE_LPM_FOR_AHDL_OPERATORS          = off

   Other logic synthesis settings:

      Automatic Global Clock              = on
      Automatic Global Clear              = on
      Automatic Global Preset             = on
      Automatic Global Output Enable      = on
      Automatic Fast I/O                  = off
      Automatic Register Packing          = off
      Automatic Open-Drain Pins           = on
      Automatic Implement in EAB          = off
      One-Hot State Machine Encoding      = off
      Optimize                            = 5

Default Timing Specifications: None

Cut All Bidir Feedback Timing Paths       = on
Cut All Clear & Preset Timing Paths       = on

Ignore Timing Assignments                 = off

Functional SNF Extractor                  = off

Linked SNF Extractor                      = off
Timing SNF Extractor                      = on
Optimize Timing SNF                       = off
Generate AHDL TDO File                    = off
Fitter Settings                           = NORMAL
Smart Recompile                           = off
Total Recompile                           = off

Interfaces Menu Commands
------------------------

EDIF Netlist Writer                       = off
Verilog Netlist Writer                    = off
VHDL Netlist Writer                       = off

Compilation Times
-----------------

   Compiler Netlist Extractor             00:00:00
   Database Builder                       00:00:00
   Logic Synthesizer                      00:00:00
   Partitioner                            00:00:00
   Fitter                                 00:00:00
   Timing SNF Extractor                   00:00:00
   Assembler                              00:00:00
   --------------------------             --------
   Total Time                             00:00:00


Memory Allocated
-----------------

Peak memory allocated during compilation  = 3,439K
